{"/Users/patryk.kurczyna@m10s.io/IdeaProjects/fridgepick/src/hooks/useAuth.ts": {"path":"/Users/patryk.kurczyna@m10s.io/IdeaProjects/fridgepick/src/hooks/useAuth.ts","statementMap":{"0":{"start":{"line":6,"column":25},"end":{"line":6,"column":null}},"1":{"start":{"line":7,"column":17},"end":{"line":7,"column":null}},"2":{"start":{"line":8,"column":29},"end":{"line":8,"column":null}},"3":{"start":{"line":68,"column":30},"end":{"line":71,"column":null}},"4":{"start":{"line":69,"column":2},"end":{"line":69,"column":null}},"5":{"start":{"line":69,"column":37},"end":{"line":69,"column":null}},"6":{"start":{"line":70,"column":2},"end":{"line":70,"column":null}},"7":{"start":{"line":77,"column":23},"end":{"line":478,"column":null}},"8":{"start":{"line":87,"column":24},"end":{"line":91,"column":null}},"9":{"start":{"line":94,"column":8},"end":{"line":94,"column":null}},"10":{"start":{"line":99,"column":8},"end":{"line":116,"column":null}},"11":{"start":{"line":100,"column":4},"end":{"line":100,"column":null}},"12":{"start":{"line":100,"column":39},"end":{"line":100,"column":null}},"13":{"start":{"line":102,"column":23},"end":{"line":102,"column":null}},"14":{"start":{"line":103,"column":24},"end":{"line":103,"column":null}},"15":{"start":{"line":105,"column":4},"end":{"line":113,"column":null}},"16":{"start":{"line":106,"column":6},"end":{"line":112,"column":null}},"17":{"start":{"line":107,"column":8},"end":{"line":107,"column":null}},"18":{"start":{"line":109,"column":8},"end":{"line":109,"column":null}},"19":{"start":{"line":110,"column":8},"end":{"line":110,"column":null}},"20":{"start":{"line":111,"column":8},"end":{"line":111,"column":null}},"21":{"start":{"line":115,"column":4},"end":{"line":115,"column":null}},"22":{"start":{"line":121,"column":8},"end":{"line":126,"column":null}},"23":{"start":{"line":122,"column":4},"end":{"line":122,"column":null}},"24":{"start":{"line":122,"column":39},"end":{"line":122,"column":null}},"25":{"start":{"line":124,"column":4},"end":{"line":124,"column":null}},"26":{"start":{"line":125,"column":4},"end":{"line":125,"column":null}},"27":{"start":{"line":131,"column":8},"end":{"line":136,"column":null}},"28":{"start":{"line":132,"column":4},"end":{"line":132,"column":null}},"29":{"start":{"line":132,"column":39},"end":{"line":132,"column":null}},"30":{"start":{"line":134,"column":4},"end":{"line":134,"column":null}},"31":{"start":{"line":135,"column":4},"end":{"line":135,"column":null}},"32":{"start":{"line":141,"column":8},"end":{"line":194,"column":null}},"33":{"start":{"line":142,"column":4},"end":{"line":193,"column":null}},"34":{"start":{"line":144,"column":25},"end":{"line":144,"column":null}},"35":{"start":{"line":145,"column":6},"end":{"line":151,"column":null}},"36":{"start":{"line":146,"column":8},"end":{"line":150,"column":null}},"37":{"start":{"line":156,"column":10},"end":{"line":156,"column":null}},"38":{"start":{"line":158,"column":6},"end":{"line":183,"column":null}},"39":{"start":{"line":159,"column":30},"end":{"line":164,"column":null}},"40":{"start":{"line":167,"column":8},"end":{"line":167,"column":null}},"41":{"start":{"line":169,"column":8},"end":{"line":173,"column":null}},"42":{"start":{"line":176,"column":8},"end":{"line":176,"column":null}},"43":{"start":{"line":178,"column":8},"end":{"line":182,"column":null}},"44":{"start":{"line":185,"column":6},"end":{"line":185,"column":null}},"45":{"start":{"line":186,"column":6},"end":{"line":186,"column":null}},"46":{"start":{"line":188,"column":6},"end":{"line":192,"column":null}},"47":{"start":{"line":199,"column":8},"end":{"line":241,"column":null}},"48":{"start":{"line":201,"column":6},"end":{"line":238,"column":null}},"49":{"start":{"line":202,"column":8},"end":{"line":202,"column":null}},"50":{"start":{"line":202,"column":28},"end":{"line":202,"column":55}},"51":{"start":{"line":204,"column":25},"end":{"line":208,"column":null}},"52":{"start":{"line":210,"column":36},"end":{"line":210,"column":null}},"53":{"start":{"line":212,"column":8},"end":{"line":233,"column":null}},"54":{"start":{"line":213,"column":32},"end":{"line":218,"column":null}},"55":{"start":{"line":221,"column":10},"end":{"line":221,"column":null}},"56":{"start":{"line":223,"column":10},"end":{"line":227,"column":null}},"57":{"start":{"line":229,"column":10},"end":{"line":229,"column":null}},"58":{"start":{"line":231,"column":10},"end":{"line":231,"column":null}},"59":{"start":{"line":231,"column":30},"end":{"line":231,"column":58}},"60":{"start":{"line":232,"column":10},"end":{"line":232,"column":null}},"61":{"start":{"line":235,"column":8},"end":{"line":235,"column":null}},"62":{"start":{"line":236,"column":8},"end":{"line":236,"column":null}},"63":{"start":{"line":236,"column":28},"end":{"line":236,"column":56}},"64":{"start":{"line":237,"column":8},"end":{"line":237,"column":null}},"65":{"start":{"line":246,"column":8},"end":{"line":298,"column":null}},"66":{"start":{"line":251,"column":6},"end":{"line":295,"column":null}},"67":{"start":{"line":252,"column":8},"end":{"line":252,"column":null}},"68":{"start":{"line":252,"column":28},"end":{"line":252,"column":55}},"69":{"start":{"line":254,"column":25},"end":{"line":258,"column":null}},"70":{"start":{"line":260,"column":39},"end":{"line":260,"column":null}},"71":{"start":{"line":262,"column":8},"end":{"line":290,"column":null}},"72":{"start":{"line":264,"column":10},"end":{"line":270,"column":null}},"73":{"start":{"line":265,"column":12},"end":{"line":265,"column":null}},"74":{"start":{"line":265,"column":32},"end":{"line":265,"column":60}},"75":{"start":{"line":266,"column":12},"end":{"line":269,"column":null}},"76":{"start":{"line":273,"column":32},"end":{"line":278,"column":null}},"77":{"start":{"line":280,"column":10},"end":{"line":284,"column":null}},"78":{"start":{"line":286,"column":10},"end":{"line":286,"column":null}},"79":{"start":{"line":288,"column":10},"end":{"line":288,"column":null}},"80":{"start":{"line":288,"column":30},"end":{"line":288,"column":58}},"81":{"start":{"line":289,"column":10},"end":{"line":289,"column":null}},"82":{"start":{"line":292,"column":8},"end":{"line":292,"column":null}},"83":{"start":{"line":293,"column":8},"end":{"line":293,"column":null}},"84":{"start":{"line":293,"column":28},"end":{"line":293,"column":56}},"85":{"start":{"line":294,"column":8},"end":{"line":294,"column":null}},"86":{"start":{"line":305,"column":8},"end":{"line":389,"column":null}},"87":{"start":{"line":310,"column":4},"end":{"line":388,"column":null}},"88":{"start":{"line":311,"column":6},"end":{"line":311,"column":null}},"89":{"start":{"line":311,"column":26},"end":{"line":311,"column":53}},"90":{"start":{"line":314,"column":32},"end":{"line":314,"column":null}},"91":{"start":{"line":316,"column":6},"end":{"line":339,"column":null}},"92":{"start":{"line":317,"column":8},"end":{"line":338,"column":null}},"93":{"start":{"line":318,"column":38},"end":{"line":318,"column":null}},"94":{"start":{"line":321,"column":30},"end":{"line":321,"column":null}},"95":{"start":{"line":323,"column":10},"end":{"line":334,"column":null}},"96":{"start":{"line":324,"column":12},"end":{"line":324,"column":null}},"97":{"start":{"line":325,"column":12},"end":{"line":325,"column":null}},"98":{"start":{"line":325,"column":32},"end":{"line":325,"column":60}},"99":{"start":{"line":326,"column":12},"end":{"line":329,"column":null}},"100":{"start":{"line":332,"column":12},"end":{"line":332,"column":null}},"101":{"start":{"line":333,"column":12},"end":{"line":333,"column":null}},"102":{"start":{"line":336,"column":10},"end":{"line":336,"column":null}},"103":{"start":{"line":337,"column":10},"end":{"line":337,"column":null}},"104":{"start":{"line":342,"column":23},"end":{"line":345,"column":null}},"105":{"start":{"line":347,"column":33},"end":{"line":347,"column":null}},"106":{"start":{"line":349,"column":6},"end":{"line":383,"column":null}},"107":{"start":{"line":350,"column":30},"end":{"line":355,"column":null}},"108":{"start":{"line":358,"column":8},"end":{"line":358,"column":null}},"109":{"start":{"line":363,"column":8},"end":{"line":371,"column":null}},"110":{"start":{"line":364,"column":10},"end":{"line":370,"column":null}},"111":{"start":{"line":373,"column":8},"end":{"line":377,"column":null}},"112":{"start":{"line":379,"column":8},"end":{"line":379,"column":null}},"113":{"start":{"line":381,"column":8},"end":{"line":381,"column":null}},"114":{"start":{"line":381,"column":28},"end":{"line":381,"column":56}},"115":{"start":{"line":382,"column":8},"end":{"line":382,"column":null}},"116":{"start":{"line":385,"column":6},"end":{"line":385,"column":null}},"117":{"start":{"line":386,"column":6},"end":{"line":386,"column":null}},"118":{"start":{"line":386,"column":26},"end":{"line":386,"column":54}},"119":{"start":{"line":387,"column":6},"end":{"line":387,"column":null}},"120":{"start":{"line":394,"column":8},"end":{"line":426,"column":null}},"121":{"start":{"line":395,"column":4},"end":{"line":425,"column":null}},"122":{"start":{"line":396,"column":6},"end":{"line":396,"column":null}},"123":{"start":{"line":396,"column":26},"end":{"line":396,"column":53}},"124":{"start":{"line":399,"column":6},"end":{"line":401,"column":null}},"125":{"start":{"line":404,"column":6},"end":{"line":404,"column":null}},"126":{"start":{"line":407,"column":6},"end":{"line":411,"column":null}},"127":{"start":{"line":414,"column":6},"end":{"line":414,"column":null}},"128":{"start":{"line":416,"column":6},"end":{"line":416,"column":null}},"129":{"start":{"line":418,"column":6},"end":{"line":418,"column":null}},"130":{"start":{"line":419,"column":6},"end":{"line":423,"column":null}},"131":{"start":{"line":424,"column":6},"end":{"line":424,"column":null}},"132":{"start":{"line":431,"column":2},"end":{"line":468,"column":null}},"133":{"start":{"line":432,"column":4},"end":{"line":432,"column":null}},"134":{"start":{"line":437,"column":8},"end":{"line":462,"column":null}},"135":{"start":{"line":438,"column":6},"end":{"line":461,"column":null}},"136":{"start":{"line":439,"column":30},"end":{"line":444,"column":null}},"137":{"start":{"line":446,"column":8},"end":{"line":446,"column":null}},"138":{"start":{"line":448,"column":8},"end":{"line":452,"column":null}},"139":{"start":{"line":454,"column":8},"end":{"line":454,"column":null}},"140":{"start":{"line":456,"column":8},"end":{"line":460,"column":null}},"141":{"start":{"line":465,"column":4},"end":{"line":467,"column":null}},"142":{"start":{"line":466,"column":6},"end":{"line":466,"column":null}},"143":{"start":{"line":470,"column":2},"end":{"line":477,"column":null}}},"fnMap":{"0":{"name":"(anonymous_0)","decl":{"start":{"line":68,"column":30},"end":{"line":68,"column":51}},"loc":{"start":{"line":68,"column":51},"end":{"line":71,"column":null}},"line":68},"1":{"name":"(anonymous_1)","decl":{"start":{"line":77,"column":23},"end":{"line":77,"column":null}},"loc":{"start":{"line":86,"column":5},"end":{"line":478,"column":null}},"line":86},"2":{"name":"(anonymous_2)","decl":{"start":{"line":99,"column":40},"end":{"line":99,"column":46}},"loc":{"start":{"line":99,"column":46},"end":{"line":116,"column":5}},"line":99},"3":{"name":"(anonymous_3)","decl":{"start":{"line":121,"column":34},"end":{"line":121,"column":35}},"loc":{"start":{"line":121,"column":74},"end":{"line":126,"column":5}},"line":121},"4":{"name":"(anonymous_4)","decl":{"start":{"line":131,"column":33},"end":{"line":131,"column":39}},"loc":{"start":{"line":131,"column":39},"end":{"line":136,"column":5}},"line":131},"5":{"name":"(anonymous_5)","decl":{"start":{"line":141,"column":32},"end":{"line":141,"column":44}},"loc":{"start":{"line":141,"column":44},"end":{"line":194,"column":5}},"line":141},"6":{"name":"(anonymous_6)","decl":{"start":{"line":200,"column":4},"end":{"line":200,"column":11}},"loc":{"start":{"line":200,"column":114},"end":{"line":239,"column":null}},"line":200},"7":{"name":"(anonymous_7)","decl":{"start":{"line":202,"column":17},"end":{"line":202,"column":18}},"loc":{"start":{"line":202,"column":28},"end":{"line":202,"column":55}},"line":202},"8":{"name":"(anonymous_8)","decl":{"start":{"line":231,"column":19},"end":{"line":231,"column":20}},"loc":{"start":{"line":231,"column":30},"end":{"line":231,"column":58}},"line":231},"9":{"name":"(anonymous_9)","decl":{"start":{"line":236,"column":17},"end":{"line":236,"column":18}},"loc":{"start":{"line":236,"column":28},"end":{"line":236,"column":56}},"line":236},"10":{"name":"(anonymous_10)","decl":{"start":{"line":247,"column":4},"end":{"line":247,"column":null}},"loc":{"start":{"line":250,"column":93},"end":{"line":296,"column":null}},"line":250},"11":{"name":"(anonymous_11)","decl":{"start":{"line":252,"column":17},"end":{"line":252,"column":18}},"loc":{"start":{"line":252,"column":28},"end":{"line":252,"column":55}},"line":252},"12":{"name":"(anonymous_12)","decl":{"start":{"line":265,"column":21},"end":{"line":265,"column":22}},"loc":{"start":{"line":265,"column":32},"end":{"line":265,"column":60}},"line":265},"13":{"name":"(anonymous_13)","decl":{"start":{"line":288,"column":19},"end":{"line":288,"column":20}},"loc":{"start":{"line":288,"column":30},"end":{"line":288,"column":58}},"line":288},"14":{"name":"(anonymous_14)","decl":{"start":{"line":293,"column":17},"end":{"line":293,"column":18}},"loc":{"start":{"line":293,"column":28},"end":{"line":293,"column":56}},"line":293},"15":{"name":"(anonymous_15)","decl":{"start":{"line":305,"column":37},"end":{"line":305,"column":null}},"loc":{"start":{"line":309,"column":8},"end":{"line":389,"column":5}},"line":309},"16":{"name":"(anonymous_16)","decl":{"start":{"line":311,"column":15},"end":{"line":311,"column":16}},"loc":{"start":{"line":311,"column":26},"end":{"line":311,"column":53}},"line":311},"17":{"name":"(anonymous_17)","decl":{"start":{"line":325,"column":21},"end":{"line":325,"column":22}},"loc":{"start":{"line":325,"column":32},"end":{"line":325,"column":60}},"line":325},"18":{"name":"(anonymous_18)","decl":{"start":{"line":381,"column":17},"end":{"line":381,"column":18}},"loc":{"start":{"line":381,"column":28},"end":{"line":381,"column":56}},"line":381},"19":{"name":"(anonymous_19)","decl":{"start":{"line":386,"column":15},"end":{"line":386,"column":16}},"loc":{"start":{"line":386,"column":26},"end":{"line":386,"column":54}},"line":386},"20":{"name":"(anonymous_20)","decl":{"start":{"line":394,"column":29},"end":{"line":394,"column":41}},"loc":{"start":{"line":394,"column":41},"end":{"line":426,"column":5}},"line":394},"21":{"name":"(anonymous_21)","decl":{"start":{"line":396,"column":15},"end":{"line":396,"column":16}},"loc":{"start":{"line":396,"column":26},"end":{"line":396,"column":53}},"line":396},"22":{"name":"(anonymous_22)","decl":{"start":{"line":431,"column":12},"end":{"line":431,"column":18}},"loc":{"start":{"line":431,"column":18},"end":{"line":468,"column":5}},"line":431},"23":{"name":"(anonymous_23)","decl":{"start":{"line":437,"column":40},"end":{"line":437,"column":41}},"loc":{"start":{"line":437,"column":61},"end":{"line":462,"column":5}},"line":437},"24":{"name":"(anonymous_24)","decl":{"start":{"line":465,"column":11},"end":{"line":465,"column":17}},"loc":{"start":{"line":465,"column":17},"end":{"line":467,"column":null}},"line":465}},"branchMap":{"0":{"loc":{"start":{"line":69,"column":2},"end":{"line":69,"column":null}},"type":"if","locations":[{"start":{"line":69,"column":2},"end":{"line":69,"column":null}},{"start":{},"end":{}}],"line":69},"1":{"loc":{"start":{"line":100,"column":4},"end":{"line":100,"column":null}},"type":"if","locations":[{"start":{"line":100,"column":4},"end":{"line":100,"column":null}},{"start":{},"end":{}}],"line":100},"2":{"loc":{"start":{"line":105,"column":4},"end":{"line":113,"column":null}},"type":"if","locations":[{"start":{"line":105,"column":4},"end":{"line":113,"column":null}},{"start":{},"end":{}}],"line":105},"3":{"loc":{"start":{"line":105,"column":8},"end":{"line":105,"column":35}},"type":"binary-expr","locations":[{"start":{"line":105,"column":8},"end":{"line":105,"column":22}},{"start":{"line":105,"column":22},"end":{"line":105,"column":35}}],"line":105},"4":{"loc":{"start":{"line":122,"column":4},"end":{"line":122,"column":null}},"type":"if","locations":[{"start":{"line":122,"column":4},"end":{"line":122,"column":null}},{"start":{},"end":{}}],"line":122},"5":{"loc":{"start":{"line":132,"column":4},"end":{"line":132,"column":null}},"type":"if","locations":[{"start":{"line":132,"column":4},"end":{"line":132,"column":null}},{"start":{},"end":{}}],"line":132},"6":{"loc":{"start":{"line":145,"column":6},"end":{"line":151,"column":null}},"type":"if","locations":[{"start":{"line":145,"column":6},"end":{"line":151,"column":null}},{"start":{},"end":{}}],"line":145},"7":{"loc":{"start":{"line":158,"column":6},"end":{"line":183,"column":null}},"type":"if","locations":[{"start":{"line":158,"column":6},"end":{"line":183,"column":null}},{"start":{"line":174,"column":13},"end":{"line":183,"column":null}}],"line":158},"8":{"loc":{"start":{"line":161,"column":17},"end":{"line":161,"column":null}},"type":"binary-expr","locations":[{"start":{"line":161,"column":17},"end":{"line":161,"column":39}},{"start":{"line":161,"column":39},"end":{"line":161,"column":null}}],"line":161},"9":{"loc":{"start":{"line":162,"column":18},"end":{"line":162,"column":null}},"type":"binary-expr","locations":[{"start":{"line":162,"column":18},"end":{"line":162,"column":57}},{"start":{"line":162,"column":57},"end":{"line":162,"column":null}}],"line":162},"10":{"loc":{"start":{"line":200,"column":44},"end":{"line":200,"column":114}},"type":"default-arg","locations":[{"start":{"line":200,"column":57},"end":{"line":200,"column":114}}],"line":200},"11":{"loc":{"start":{"line":212,"column":8},"end":{"line":233,"column":null}},"type":"if","locations":[{"start":{"line":212,"column":8},"end":{"line":233,"column":null}},{"start":{"line":230,"column":15},"end":{"line":233,"column":null}}],"line":212},"12":{"loc":{"start":{"line":212,"column":12},"end":{"line":212,"column":55}},"type":"binary-expr","locations":[{"start":{"line":212,"column":12},"end":{"line":212,"column":28}},{"start":{"line":212,"column":28},"end":{"line":212,"column":41}},{"start":{"line":212,"column":41},"end":{"line":212,"column":55}}],"line":212},"13":{"loc":{"start":{"line":232,"column":42},"end":{"line":232,"column":85}},"type":"binary-expr","locations":[{"start":{"line":232,"column":42},"end":{"line":232,"column":56}},{"start":{"line":232,"column":56},"end":{"line":232,"column":85}}],"line":232},"14":{"loc":{"start":{"line":262,"column":8},"end":{"line":290,"column":null}},"type":"if","locations":[{"start":{"line":262,"column":8},"end":{"line":290,"column":null}},{"start":{"line":287,"column":15},"end":{"line":290,"column":null}}],"line":262},"15":{"loc":{"start":{"line":262,"column":12},"end":{"line":262,"column":39}},"type":"binary-expr","locations":[{"start":{"line":262,"column":12},"end":{"line":262,"column":28}},{"start":{"line":262,"column":28},"end":{"line":262,"column":39}}],"line":262},"16":{"loc":{"start":{"line":264,"column":10},"end":{"line":270,"column":null}},"type":"if","locations":[{"start":{"line":264,"column":10},"end":{"line":270,"column":null}},{"start":{},"end":{}}],"line":264},"17":{"loc":{"start":{"line":289,"column":42},"end":{"line":289,"column":87}},"type":"binary-expr","locations":[{"start":{"line":289,"column":42},"end":{"line":289,"column":56}},{"start":{"line":289,"column":56},"end":{"line":289,"column":87}}],"line":289},"18":{"loc":{"start":{"line":314,"column":32},"end":{"line":314,"column":null}},"type":"cond-expr","locations":[{"start":{"line":314,"column":64},"end":{"line":314,"column":109}},{"start":{"line":314,"column":109},"end":{"line":314,"column":null}}],"line":314},"19":{"loc":{"start":{"line":316,"column":6},"end":{"line":339,"column":null}},"type":"if","locations":[{"start":{"line":316,"column":6},"end":{"line":339,"column":null}},{"start":{},"end":{}}],"line":316},"20":{"loc":{"start":{"line":323,"column":10},"end":{"line":334,"column":null}},"type":"if","locations":[{"start":{"line":323,"column":10},"end":{"line":334,"column":null}},{"start":{"line":330,"column":17},"end":{"line":334,"column":null}}],"line":323},"21":{"loc":{"start":{"line":349,"column":6},"end":{"line":383,"column":null}},"type":"if","locations":[{"start":{"line":349,"column":6},"end":{"line":383,"column":null}},{"start":{"line":380,"column":13},"end":{"line":383,"column":null}}],"line":349},"22":{"loc":{"start":{"line":349,"column":10},"end":{"line":349,"column":53}},"type":"binary-expr","locations":[{"start":{"line":349,"column":10},"end":{"line":349,"column":26}},{"start":{"line":349,"column":26},"end":{"line":349,"column":39}},{"start":{"line":349,"column":39},"end":{"line":349,"column":53}}],"line":349},"23":{"loc":{"start":{"line":363,"column":8},"end":{"line":371,"column":null}},"type":"if","locations":[{"start":{"line":363,"column":8},"end":{"line":371,"column":null}},{"start":{},"end":{}}],"line":363},"24":{"loc":{"start":{"line":363,"column":12},"end":{"line":363,"column":62}},"type":"binary-expr","locations":[{"start":{"line":363,"column":12},"end":{"line":363,"column":31}},{"start":{"line":363,"column":31},"end":{"line":363,"column":62}}],"line":363},"25":{"loc":{"start":{"line":382,"column":40},"end":{"line":382,"column":90}},"type":"binary-expr","locations":[{"start":{"line":382,"column":40},"end":{"line":382,"column":54}},{"start":{"line":382,"column":54},"end":{"line":382,"column":90}}],"line":382},"26":{"loc":{"start":{"line":438,"column":6},"end":{"line":461,"column":null}},"type":"if","locations":[{"start":{"line":438,"column":6},"end":{"line":461,"column":null}},{"start":{"line":453,"column":13},"end":{"line":461,"column":null}}],"line":438},"27":{"loc":{"start":{"line":441,"column":17},"end":{"line":441,"column":null}},"type":"binary-expr","locations":[{"start":{"line":441,"column":17},"end":{"line":441,"column":39}},{"start":{"line":441,"column":39},"end":{"line":441,"column":null}}],"line":441},"28":{"loc":{"start":{"line":442,"column":18},"end":{"line":442,"column":null}},"type":"binary-expr","locations":[{"start":{"line":442,"column":18},"end":{"line":442,"column":57}},{"start":{"line":442,"column":57},"end":{"line":442,"column":null}}],"line":442}},"s":{"0":0,"1":0,"2":0,"3":0,"4":0,"5":0,"6":0,"7":0,"8":0,"9":0,"10":0,"11":0,"12":0,"13":0,"14":0,"15":0,"16":0,"17":0,"18":0,"19":0,"20":0,"21":0,"22":0,"23":0,"24":0,"25":0,"26":0,"27":0,"28":0,"29":0,"30":0,"31":0,"32":0,"33":0,"34":0,"35":0,"36":0,"37":0,"38":0,"39":0,"40":0,"41":0,"42":0,"43":0,"44":0,"45":0,"46":0,"47":0,"48":0,"49":0,"50":0,"51":0,"52":0,"53":0,"54":0,"55":0,"56":0,"57":0,"58":0,"59":0,"60":0,"61":0,"62":0,"63":0,"64":0,"65":0,"66":0,"67":0,"68":0,"69":0,"70":0,"71":0,"72":0,"73":0,"74":0,"75":0,"76":0,"77":0,"78":0,"79":0,"80":0,"81":0,"82":0,"83":0,"84":0,"85":0,"86":0,"87":0,"88":0,"89":0,"90":0,"91":0,"92":0,"93":0,"94":0,"95":0,"96":0,"97":0,"98":0,"99":0,"100":0,"101":0,"102":0,"103":0,"104":0,"105":0,"106":0,"107":0,"108":0,"109":0,"110":0,"111":0,"112":0,"113":0,"114":0,"115":0,"116":0,"117":0,"118":0,"119":0,"120":0,"121":0,"122":0,"123":0,"124":0,"125":0,"126":0,"127":0,"128":0,"129":0,"130":0,"131":0,"132":0,"133":0,"134":0,"135":0,"136":0,"137":0,"138":0,"139":0,"140":0,"141":0,"142":0,"143":0},"f":{"0":0,"1":0,"2":0,"3":0,"4":0,"5":0,"6":0,"7":0,"8":0,"9":0,"10":0,"11":0,"12":0,"13":0,"14":0,"15":0,"16":0,"17":0,"18":0,"19":0,"20":0,"21":0,"22":0,"23":0,"24":0},"b":{"0":[0,0],"1":[0,0],"2":[0,0],"3":[0,0],"4":[0,0],"5":[0,0],"6":[0,0],"7":[0,0],"8":[0,0],"9":[0,0],"10":[0],"11":[0,0],"12":[0,0,0],"13":[0,0],"14":[0,0],"15":[0,0],"16":[0,0],"17":[0,0],"18":[0,0],"19":[0,0],"20":[0,0],"21":[0,0],"22":[0,0,0],"23":[0,0],"24":[0,0],"25":[0,0],"26":[0,0],"27":[0,0],"28":[0,0]},"meta":{"lastBranch":29,"lastFunction":25,"lastStatement":144,"seen":{"s:6:25:6:Infinity":0,"s:7:17:7:Infinity":1,"s:8:29:8:Infinity":2,"s:68:30:71:Infinity":3,"f:68:30:68:51":0,"b:69:2:69:Infinity:undefined:undefined:undefined:undefined":0,"s:69:2:69:Infinity":4,"s:69:37:69:Infinity":5,"s:70:2:70:Infinity":6,"s:77:23:478:Infinity":7,"f:77:23:77:Infinity":1,"s:87:24:91:Infinity":8,"s:94:8:94:Infinity":9,"s:99:8:116:Infinity":10,"f:99:40:99:46":2,"b:100:4:100:Infinity:undefined:undefined:undefined:undefined":1,"s:100:4:100:Infinity":11,"s:100:39:100:Infinity":12,"s:102:23:102:Infinity":13,"s:103:24:103:Infinity":14,"b:105:4:113:Infinity:undefined:undefined:undefined:undefined":2,"s:105:4:113:Infinity":15,"b:105:8:105:22:105:22:105:35":3,"s:106:6:112:Infinity":16,"s:107:8:107:Infinity":17,"s:109:8:109:Infinity":18,"s:110:8:110:Infinity":19,"s:111:8:111:Infinity":20,"s:115:4:115:Infinity":21,"s:121:8:126:Infinity":22,"f:121:34:121:35":3,"b:122:4:122:Infinity:undefined:undefined:undefined:undefined":4,"s:122:4:122:Infinity":23,"s:122:39:122:Infinity":24,"s:124:4:124:Infinity":25,"s:125:4:125:Infinity":26,"s:131:8:136:Infinity":27,"f:131:33:131:39":4,"b:132:4:132:Infinity:undefined:undefined:undefined:undefined":5,"s:132:4:132:Infinity":28,"s:132:39:132:Infinity":29,"s:134:4:134:Infinity":30,"s:135:4:135:Infinity":31,"s:141:8:194:Infinity":32,"f:141:32:141:44":5,"s:142:4:193:Infinity":33,"s:144:25:144:Infinity":34,"b:145:6:151:Infinity:undefined:undefined:undefined:undefined":6,"s:145:6:151:Infinity":35,"s:146:8:150:Infinity":36,"s:156:10:156:Infinity":37,"b:158:6:183:Infinity:174:13:183:Infinity":7,"s:158:6:183:Infinity":38,"s:159:30:164:Infinity":39,"b:161:17:161:39:161:39:161:Infinity":8,"b:162:18:162:57:162:57:162:Infinity":9,"s:167:8:167:Infinity":40,"s:169:8:173:Infinity":41,"s:176:8:176:Infinity":42,"s:178:8:182:Infinity":43,"s:185:6:185:Infinity":44,"s:186:6:186:Infinity":45,"s:188:6:192:Infinity":46,"s:199:8:241:Infinity":47,"f:200:4:200:11":6,"b:200:57:200:114":10,"s:201:6:238:Infinity":48,"s:202:8:202:Infinity":49,"f:202:17:202:18":7,"s:202:28:202:55":50,"s:204:25:208:Infinity":51,"s:210:36:210:Infinity":52,"b:212:8:233:Infinity:230:15:233:Infinity":11,"s:212:8:233:Infinity":53,"b:212:12:212:28:212:28:212:41:212:41:212:55":12,"s:213:32:218:Infinity":54,"s:221:10:221:Infinity":55,"s:223:10:227:Infinity":56,"s:229:10:229:Infinity":57,"s:231:10:231:Infinity":58,"f:231:19:231:20":8,"s:231:30:231:58":59,"s:232:10:232:Infinity":60,"b:232:42:232:56:232:56:232:85":13,"s:235:8:235:Infinity":61,"s:236:8:236:Infinity":62,"f:236:17:236:18":9,"s:236:28:236:56":63,"s:237:8:237:Infinity":64,"s:246:8:298:Infinity":65,"f:247:4:247:Infinity":10,"s:251:6:295:Infinity":66,"s:252:8:252:Infinity":67,"f:252:17:252:18":11,"s:252:28:252:55":68,"s:254:25:258:Infinity":69,"s:260:39:260:Infinity":70,"b:262:8:290:Infinity:287:15:290:Infinity":14,"s:262:8:290:Infinity":71,"b:262:12:262:28:262:28:262:39":15,"b:264:10:270:Infinity:undefined:undefined:undefined:undefined":16,"s:264:10:270:Infinity":72,"s:265:12:265:Infinity":73,"f:265:21:265:22":12,"s:265:32:265:60":74,"s:266:12:269:Infinity":75,"s:273:32:278:Infinity":76,"s:280:10:284:Infinity":77,"s:286:10:286:Infinity":78,"s:288:10:288:Infinity":79,"f:288:19:288:20":13,"s:288:30:288:58":80,"s:289:10:289:Infinity":81,"b:289:42:289:56:289:56:289:87":17,"s:292:8:292:Infinity":82,"s:293:8:293:Infinity":83,"f:293:17:293:18":14,"s:293:28:293:56":84,"s:294:8:294:Infinity":85,"s:305:8:389:Infinity":86,"f:305:37:305:Infinity":15,"s:310:4:388:Infinity":87,"s:311:6:311:Infinity":88,"f:311:15:311:16":16,"s:311:26:311:53":89,"s:314:32:314:Infinity":90,"b:314:64:314:109:314:109:314:Infinity":18,"b:316:6:339:Infinity:undefined:undefined:undefined:undefined":19,"s:316:6:339:Infinity":91,"s:317:8:338:Infinity":92,"s:318:38:318:Infinity":93,"s:321:30:321:Infinity":94,"b:323:10:334:Infinity:330:17:334:Infinity":20,"s:323:10:334:Infinity":95,"s:324:12:324:Infinity":96,"s:325:12:325:Infinity":97,"f:325:21:325:22":17,"s:325:32:325:60":98,"s:326:12:329:Infinity":99,"s:332:12:332:Infinity":100,"s:333:12:333:Infinity":101,"s:336:10:336:Infinity":102,"s:337:10:337:Infinity":103,"s:342:23:345:Infinity":104,"s:347:33:347:Infinity":105,"b:349:6:383:Infinity:380:13:383:Infinity":21,"s:349:6:383:Infinity":106,"b:349:10:349:26:349:26:349:39:349:39:349:53":22,"s:350:30:355:Infinity":107,"s:358:8:358:Infinity":108,"b:363:8:371:Infinity:undefined:undefined:undefined:undefined":23,"s:363:8:371:Infinity":109,"b:363:12:363:31:363:31:363:62":24,"s:364:10:370:Infinity":110,"s:373:8:377:Infinity":111,"s:379:8:379:Infinity":112,"s:381:8:381:Infinity":113,"f:381:17:381:18":18,"s:381:28:381:56":114,"s:382:8:382:Infinity":115,"b:382:40:382:54:382:54:382:90":25,"s:385:6:385:Infinity":116,"s:386:6:386:Infinity":117,"f:386:15:386:16":19,"s:386:26:386:54":118,"s:387:6:387:Infinity":119,"s:394:8:426:Infinity":120,"f:394:29:394:41":20,"s:395:4:425:Infinity":121,"s:396:6:396:Infinity":122,"f:396:15:396:16":21,"s:396:26:396:53":123,"s:399:6:401:Infinity":124,"s:404:6:404:Infinity":125,"s:407:6:411:Infinity":126,"s:414:6:414:Infinity":127,"s:416:6:416:Infinity":128,"s:418:6:418:Infinity":129,"s:419:6:423:Infinity":130,"s:424:6:424:Infinity":131,"s:431:2:468:Infinity":132,"f:431:12:431:18":22,"s:432:4:432:Infinity":133,"s:437:8:462:Infinity":134,"f:437:40:437:41":23,"b:438:6:461:Infinity:453:13:461:Infinity":26,"s:438:6:461:Infinity":135,"s:439:30:444:Infinity":136,"b:441:17:441:39:441:39:441:Infinity":27,"b:442:18:442:57:442:57:442:Infinity":28,"s:446:8:446:Infinity":137,"s:448:8:452:Infinity":138,"s:454:8:454:Infinity":139,"s:456:8:460:Infinity":140,"s:465:4:467:Infinity":141,"f:465:11:465:17":24,"s:466:6:466:Infinity":142,"s:470:2:477:Infinity":143}}}
,"/Users/patryk.kurczyna@m10s.io/IdeaProjects/fridgepick/src/hooks/useProductCategories.ts": {"path":"/Users/patryk.kurczyna@m10s.io/IdeaProjects/fridgepick/src/hooks/useProductCategories.ts","statementMap":{"0":{"start":{"line":10,"column":36},"end":{"line":157,"column":null}},"1":{"start":{"line":11,"column":32},"end":{"line":11,"column":null}},"2":{"start":{"line":13,"column":34},"end":{"line":13,"column":null}},"3":{"start":{"line":14,"column":28},"end":{"line":14,"column":null}},"4":{"start":{"line":15,"column":24},"end":{"line":15,"column":null}},"5":{"start":{"line":16,"column":32},"end":{"line":16,"column":null}},"6":{"start":{"line":21,"column":8},"end":{"line":86,"column":null}},"7":{"start":{"line":22,"column":4},"end":{"line":26,"column":null}},"8":{"start":{"line":23,"column":6},"end":{"line":23,"column":null}},"9":{"start":{"line":24,"column":6},"end":{"line":24,"column":null}},"10":{"start":{"line":25,"column":6},"end":{"line":25,"column":null}},"11":{"start":{"line":29,"column":21},"end":{"line":29,"column":null}},"12":{"start":{"line":30,"column":30},"end":{"line":30,"column":null}},"13":{"start":{"line":31,"column":23},"end":{"line":31,"column":null}},"14":{"start":{"line":32,"column":27},"end":{"line":32,"column":null}},"15":{"start":{"line":34,"column":4},"end":{"line":52,"column":null}},"16":{"start":{"line":35,"column":23},"end":{"line":35,"column":null}},"17":{"start":{"line":36,"column":26},"end":{"line":36,"column":null}},"18":{"start":{"line":38,"column":6},"end":{"line":51,"column":null}},"19":{"start":{"line":39,"column":8},"end":{"line":50,"column":null}},"20":{"start":{"line":40,"column":25},"end":{"line":40,"column":null}},"21":{"start":{"line":41,"column":10},"end":{"line":41,"column":null}},"22":{"start":{"line":42,"column":10},"end":{"line":42,"column":null}},"23":{"start":{"line":43,"column":10},"end":{"line":43,"column":null}},"24":{"start":{"line":44,"column":10},"end":{"line":44,"column":null}},"25":{"start":{"line":45,"column":10},"end":{"line":45,"column":null}},"26":{"start":{"line":48,"column":10},"end":{"line":48,"column":null}},"27":{"start":{"line":49,"column":10},"end":{"line":49,"column":null}},"28":{"start":{"line":54,"column":4},"end":{"line":85,"column":null}},"29":{"start":{"line":55,"column":6},"end":{"line":55,"column":null}},"30":{"start":{"line":56,"column":6},"end":{"line":56,"column":null}},"31":{"start":{"line":58,"column":23},"end":{"line":63,"column":null}},"32":{"start":{"line":65,"column":6},"end":{"line":67,"column":null}},"33":{"start":{"line":66,"column":8},"end":{"line":66,"column":null}},"34":{"start":{"line":69,"column":46},"end":{"line":69,"column":null}},"35":{"start":{"line":71,"column":6},"end":{"line":71,"column":null}},"36":{"start":{"line":72,"column":6},"end":{"line":72,"column":null}},"37":{"start":{"line":73,"column":6},"end":{"line":73,"column":null}},"38":{"start":{"line":75,"column":24},"end":{"line":75,"column":null}},"39":{"start":{"line":76,"column":6},"end":{"line":76,"column":null}},"40":{"start":{"line":79,"column":6},"end":{"line":79,"column":null}},"41":{"start":{"line":80,"column":6},"end":{"line":80,"column":null}},"42":{"start":{"line":82,"column":6},"end":{"line":82,"column":null}},"43":{"start":{"line":83,"column":6},"end":{"line":83,"column":null}},"44":{"start":{"line":84,"column":6},"end":{"line":84,"column":null}},"45":{"start":{"line":91,"column":8},"end":{"line":97,"column":null}},"46":{"start":{"line":93,"column":23},"end":{"line":93,"column":null}},"47":{"start":{"line":93,"column":46},"end":{"line":93,"column":65}},"48":{"start":{"line":94,"column":6},"end":{"line":94,"column":null}},"49":{"start":{"line":102,"column":8},"end":{"line":107,"column":null}},"50":{"start":{"line":104,"column":6},"end":{"line":104,"column":null}},"51":{"start":{"line":104,"column":36},"end":{"line":104,"column":55}},"52":{"start":{"line":112,"column":24},"end":{"line":112,"column":null}},"53":{"start":{"line":117,"column":8},"end":{"line":119,"column":null}},"54":{"start":{"line":118,"column":4},"end":{"line":118,"column":null}},"55":{"start":{"line":124,"column":8},"end":{"line":128,"column":null}},"56":{"start":{"line":125,"column":4},"end":{"line":125,"column":null}},"57":{"start":{"line":126,"column":4},"end":{"line":126,"column":null}},"58":{"start":{"line":127,"column":4},"end":{"line":127,"column":null}},"59":{"start":{"line":131,"column":2},"end":{"line":139,"column":null}},"60":{"start":{"line":132,"column":4},"end":{"line":138,"column":null}},"61":{"start":{"line":133,"column":6},"end":{"line":133,"column":null}},"62":{"start":{"line":135,"column":6},"end":{"line":135,"column":null}},"63":{"start":{"line":136,"column":6},"end":{"line":136,"column":null}},"64":{"start":{"line":137,"column":6},"end":{"line":137,"column":null}},"65":{"start":{"line":141,"column":2},"end":{"line":156,"column":null}}},"fnMap":{"0":{"name":"(anonymous_0)","decl":{"start":{"line":10,"column":36},"end":{"line":10,"column":42}},"loc":{"start":{"line":10,"column":42},"end":{"line":157,"column":null}},"line":10},"1":{"name":"(anonymous_1)","decl":{"start":{"line":21,"column":38},"end":{"line":21,"column":50}},"loc":{"start":{"line":21,"column":50},"end":{"line":86,"column":5}},"line":21},"2":{"name":"(anonymous_2)","decl":{"start":{"line":92,"column":4},"end":{"line":92,"column":5}},"loc":{"start":{"line":92,"column":36},"end":{"line":95,"column":null}},"line":92},"3":{"name":"(anonymous_3)","decl":{"start":{"line":93,"column":39},"end":{"line":93,"column":40}},"loc":{"start":{"line":93,"column":46},"end":{"line":93,"column":65}},"line":93},"4":{"name":"(anonymous_4)","decl":{"start":{"line":103,"column":4},"end":{"line":103,"column":5}},"loc":{"start":{"line":103,"column":57},"end":{"line":105,"column":null}},"line":103},"5":{"name":"(anonymous_5)","decl":{"start":{"line":104,"column":29},"end":{"line":104,"column":30}},"loc":{"start":{"line":104,"column":36},"end":{"line":104,"column":55}},"line":104},"6":{"name":"(anonymous_6)","decl":{"start":{"line":117,"column":28},"end":{"line":117,"column":34}},"loc":{"start":{"line":117,"column":34},"end":{"line":119,"column":5}},"line":117},"7":{"name":"(anonymous_7)","decl":{"start":{"line":124,"column":30},"end":{"line":124,"column":36}},"loc":{"start":{"line":124,"column":36},"end":{"line":128,"column":5}},"line":124},"8":{"name":"(anonymous_8)","decl":{"start":{"line":131,"column":12},"end":{"line":131,"column":18}},"loc":{"start":{"line":131,"column":18},"end":{"line":139,"column":5}},"line":131}},"branchMap":{"0":{"loc":{"start":{"line":22,"column":4},"end":{"line":26,"column":null}},"type":"if","locations":[{"start":{"line":22,"column":4},"end":{"line":26,"column":null}},{"start":{},"end":{}}],"line":22},"1":{"loc":{"start":{"line":34,"column":4},"end":{"line":52,"column":null}},"type":"if","locations":[{"start":{"line":34,"column":4},"end":{"line":52,"column":null}},{"start":{},"end":{}}],"line":34},"2":{"loc":{"start":{"line":34,"column":8},"end":{"line":34,"column":38}},"type":"binary-expr","locations":[{"start":{"line":34,"column":8},"end":{"line":34,"column":22}},{"start":{"line":34,"column":22},"end":{"line":34,"column":38}}],"line":34},"3":{"loc":{"start":{"line":38,"column":6},"end":{"line":51,"column":null}},"type":"if","locations":[{"start":{"line":38,"column":6},"end":{"line":51,"column":null}},{"start":{},"end":{}}],"line":38},"4":{"loc":{"start":{"line":65,"column":6},"end":{"line":67,"column":null}},"type":"if","locations":[{"start":{"line":65,"column":6},"end":{"line":67,"column":null}},{"start":{},"end":{}}],"line":65},"5":{"loc":{"start":{"line":84,"column":15},"end":{"line":84,"column":80}},"type":"cond-expr","locations":[{"start":{"line":84,"column":40},"end":{"line":84,"column":56}},{"start":{"line":84,"column":56},"end":{"line":84,"column":80}}],"line":84},"6":{"loc":{"start":{"line":94,"column":13},"end":{"line":94,"column":null}},"type":"cond-expr","locations":[{"start":{"line":94,"column":24},"end":{"line":94,"column":40}},{"start":{"line":94,"column":40},"end":{"line":94,"column":null}}],"line":94},"7":{"loc":{"start":{"line":132,"column":4},"end":{"line":138,"column":null}},"type":"if","locations":[{"start":{"line":132,"column":4},"end":{"line":138,"column":null}},{"start":{"line":134,"column":11},"end":{"line":138,"column":null}}],"line":132}},"s":{"0":0,"1":0,"2":0,"3":0,"4":0,"5":0,"6":0,"7":0,"8":0,"9":0,"10":0,"11":0,"12":0,"13":0,"14":0,"15":0,"16":0,"17":0,"18":0,"19":0,"20":0,"21":0,"22":0,"23":0,"24":0,"25":0,"26":0,"27":0,"28":0,"29":0,"30":0,"31":0,"32":0,"33":0,"34":0,"35":0,"36":0,"37":0,"38":0,"39":0,"40":0,"41":0,"42":0,"43":0,"44":0,"45":0,"46":0,"47":0,"48":0,"49":0,"50":0,"51":0,"52":0,"53":0,"54":0,"55":0,"56":0,"57":0,"58":0,"59":0,"60":0,"61":0,"62":0,"63":0,"64":0,"65":0},"f":{"0":0,"1":0,"2":0,"3":0,"4":0,"5":0,"6":0,"7":0,"8":0},"b":{"0":[0,0],"1":[0,0],"2":[0,0],"3":[0,0],"4":[0,0],"5":[0,0],"6":[0,0],"7":[0,0]},"meta":{"lastBranch":8,"lastFunction":9,"lastStatement":66,"seen":{"s:10:36:157:Infinity":0,"f:10:36:10:42":0,"s:11:32:11:Infinity":1,"s:13:34:13:Infinity":2,"s:14:28:14:Infinity":3,"s:15:24:15:Infinity":4,"s:16:32:16:Infinity":5,"s:21:8:86:Infinity":6,"f:21:38:21:50":1,"b:22:4:26:Infinity:undefined:undefined:undefined:undefined":0,"s:22:4:26:Infinity":7,"s:23:6:23:Infinity":8,"s:24:6:24:Infinity":9,"s:25:6:25:Infinity":10,"s:29:21:29:Infinity":11,"s:30:30:30:Infinity":12,"s:31:23:31:Infinity":13,"s:32:27:32:Infinity":14,"b:34:4:52:Infinity:undefined:undefined:undefined:undefined":1,"s:34:4:52:Infinity":15,"b:34:8:34:22:34:22:34:38":2,"s:35:23:35:Infinity":16,"s:36:26:36:Infinity":17,"b:38:6:51:Infinity:undefined:undefined:undefined:undefined":3,"s:38:6:51:Infinity":18,"s:39:8:50:Infinity":19,"s:40:25:40:Infinity":20,"s:41:10:41:Infinity":21,"s:42:10:42:Infinity":22,"s:43:10:43:Infinity":23,"s:44:10:44:Infinity":24,"s:45:10:45:Infinity":25,"s:48:10:48:Infinity":26,"s:49:10:49:Infinity":27,"s:54:4:85:Infinity":28,"s:55:6:55:Infinity":29,"s:56:6:56:Infinity":30,"s:58:23:63:Infinity":31,"b:65:6:67:Infinity:undefined:undefined:undefined:undefined":4,"s:65:6:67:Infinity":32,"s:66:8:66:Infinity":33,"s:69:46:69:Infinity":34,"s:71:6:71:Infinity":35,"s:72:6:72:Infinity":36,"s:73:6:73:Infinity":37,"s:75:24:75:Infinity":38,"s:76:6:76:Infinity":39,"s:79:6:79:Infinity":40,"s:80:6:80:Infinity":41,"s:82:6:82:Infinity":42,"s:83:6:83:Infinity":43,"s:84:6:84:Infinity":44,"b:84:40:84:56:84:56:84:80":5,"s:91:8:97:Infinity":45,"f:92:4:92:5":2,"s:93:23:93:Infinity":46,"f:93:39:93:40":3,"s:93:46:93:65":47,"s:94:6:94:Infinity":48,"b:94:24:94:40:94:40:94:Infinity":6,"s:102:8:107:Infinity":49,"f:103:4:103:5":4,"s:104:6:104:Infinity":50,"f:104:29:104:30":5,"s:104:36:104:55":51,"s:112:24:112:Infinity":52,"s:117:8:119:Infinity":53,"f:117:28:117:34":6,"s:118:4:118:Infinity":54,"s:124:8:128:Infinity":55,"f:124:30:124:36":7,"s:125:4:125:Infinity":56,"s:126:4:126:Infinity":57,"s:127:4:127:Infinity":58,"s:131:2:139:Infinity":59,"f:131:12:131:18":8,"b:132:4:138:Infinity:134:11:138:Infinity":7,"s:132:4:138:Infinity":60,"s:133:6:133:Infinity":61,"s:135:6:135:Infinity":62,"s:136:6:136:Infinity":63,"s:137:6:137:Infinity":64,"s:141:2:156:Infinity":65}}}
,"/Users/patryk.kurczyna@m10s.io/IdeaProjects/fridgepick/src/hooks/useProductForm.ts": {"path":"/Users/patryk.kurczyna@m10s.io/IdeaProjects/fridgepick/src/hooks/useProductForm.ts","statementMap":{"0":{"start":{"line":10,"column":30},"end":{"line":353,"column":null}},"1":{"start":{"line":12,"column":43},"end":{"line":18,"column":null}},"2":{"start":{"line":20,"column":30},"end":{"line":20,"column":null}},"3":{"start":{"line":21,"column":38},"end":{"line":21,"column":null}},"4":{"start":{"line":22,"column":46},"end":{"line":22,"column":null}},"5":{"start":{"line":23,"column":40},"end":{"line":23,"column":null}},"6":{"start":{"line":24,"column":38},"end":{"line":29,"column":null}},"7":{"start":{"line":30,"column":36},"end":{"line":30,"column":null}},"8":{"start":{"line":35,"column":8},"end":{"line":84,"column":null}},"9":{"start":{"line":36,"column":4},"end":{"line":81,"column":null}},"10":{"start":{"line":38,"column":28},"end":{"line":38,"column":null}},"11":{"start":{"line":39,"column":8},"end":{"line":39,"column":null}},"12":{"start":{"line":39,"column":26},"end":{"line":39,"column":null}},"13":{"start":{"line":40,"column":8},"end":{"line":40,"column":null}},"14":{"start":{"line":40,"column":38},"end":{"line":40,"column":null}},"15":{"start":{"line":41,"column":8},"end":{"line":41,"column":null}},"16":{"start":{"line":44,"column":8},"end":{"line":46,"column":null}},"17":{"start":{"line":45,"column":10},"end":{"line":45,"column":null}},"18":{"start":{"line":47,"column":8},"end":{"line":47,"column":null}},"19":{"start":{"line":50,"column":8},"end":{"line":52,"column":null}},"20":{"start":{"line":51,"column":10},"end":{"line":51,"column":null}},"21":{"start":{"line":53,"column":25},"end":{"line":53,"column":null}},"22":{"start":{"line":54,"column":8},"end":{"line":56,"column":null}},"23":{"start":{"line":55,"column":10},"end":{"line":55,"column":null}},"24":{"start":{"line":58,"column":8},"end":{"line":60,"column":null}},"25":{"start":{"line":59,"column":10},"end":{"line":59,"column":null}},"26":{"start":{"line":61,"column":8},"end":{"line":61,"column":null}},"27":{"start":{"line":64,"column":8},"end":{"line":64,"column":null}},"28":{"start":{"line":64,"column":20},"end":{"line":64,"column":null}},"29":{"start":{"line":65,"column":8},"end":{"line":67,"column":null}},"30":{"start":{"line":66,"column":10},"end":{"line":66,"column":null}},"31":{"start":{"line":68,"column":8},"end":{"line":68,"column":null}},"32":{"start":{"line":71,"column":8},"end":{"line":79,"column":null}},"33":{"start":{"line":72,"column":29},"end":{"line":72,"column":null}},"34":{"start":{"line":73,"column":24},"end":{"line":73,"column":null}},"35":{"start":{"line":74,"column":10},"end":{"line":74,"column":null}},"36":{"start":{"line":76,"column":10},"end":{"line":78,"column":null}},"37":{"start":{"line":77,"column":12},"end":{"line":77,"column":null}},"38":{"start":{"line":80,"column":8},"end":{"line":80,"column":null}},"39":{"start":{"line":83,"column":4},"end":{"line":83,"column":null}},"40":{"start":{"line":89,"column":8},"end":{"line":103,"column":null}},"41":{"start":{"line":90,"column":37},"end":{"line":90,"column":null}},"42":{"start":{"line":92,"column":4},"end":{"line":98,"column":null}},"43":{"start":{"line":93,"column":20},"end":{"line":93,"column":null}},"44":{"start":{"line":94,"column":20},"end":{"line":94,"column":null}},"45":{"start":{"line":95,"column":6},"end":{"line":97,"column":null}},"46":{"start":{"line":96,"column":8},"end":{"line":96,"column":null}},"47":{"start":{"line":100,"column":20},"end":{"line":100,"column":null}},"48":{"start":{"line":102,"column":4},"end":{"line":102,"column":null}},"49":{"start":{"line":108,"column":8},"end":{"line":121,"column":null}},"50":{"start":{"line":110,"column":6},"end":{"line":110,"column":null}},"51":{"start":{"line":110,"column":33},"end":{"line":110,"column":58}},"52":{"start":{"line":113,"column":25},"end":{"line":113,"column":null}},"53":{"start":{"line":114,"column":20},"end":{"line":114,"column":null}},"54":{"start":{"line":115,"column":6},"end":{"line":118,"column":null}},"55":{"start":{"line":115,"column":37},"end":{"line":118,"column":8}},"56":{"start":{"line":126,"column":8},"end":{"line":146,"column":null}},"57":{"start":{"line":129,"column":6},"end":{"line":129,"column":null}},"58":{"start":{"line":129,"column":29},"end":{"line":129,"column":57}},"59":{"start":{"line":132,"column":6},"end":{"line":134,"column":null}},"60":{"start":{"line":133,"column":8},"end":{"line":133,"column":null}},"61":{"start":{"line":137,"column":6},"end":{"line":143,"column":null}},"62":{"start":{"line":138,"column":22},"end":{"line":138,"column":null}},"63":{"start":{"line":139,"column":8},"end":{"line":142,"column":null}},"64":{"start":{"line":139,"column":39},"end":{"line":142,"column":10}},"65":{"start":{"line":151,"column":8},"end":{"line":199,"column":null}},"66":{"start":{"line":152,"column":4},"end":{"line":152,"column":null}},"67":{"start":{"line":152,"column":39},"end":{"line":152,"column":null}},"68":{"start":{"line":154,"column":4},"end":{"line":154,"column":null}},"69":{"start":{"line":154,"column":31},"end":{"line":154,"column":55}},"70":{"start":{"line":156,"column":4},"end":{"line":198,"column":null}},"71":{"start":{"line":157,"column":12},"end":{"line":157,"column":null}},"72":{"start":{"line":158,"column":6},"end":{"line":160,"column":null}},"73":{"start":{"line":159,"column":8},"end":{"line":159,"column":null}},"74":{"start":{"line":162,"column":23},"end":{"line":167,"column":null}},"75":{"start":{"line":169,"column":6},"end":{"line":176,"column":null}},"76":{"start":{"line":170,"column":8},"end":{"line":174,"column":null}},"77":{"start":{"line":171,"column":10},"end":{"line":171,"column":null}},"78":{"start":{"line":172,"column":8},"end":{"line":174,"column":null}},"79":{"start":{"line":173,"column":10},"end":{"line":173,"column":null}},"80":{"start":{"line":175,"column":8},"end":{"line":175,"column":null}},"81":{"start":{"line":178,"column":40},"end":{"line":178,"column":null}},"82":{"start":{"line":179,"column":22},"end":{"line":179,"column":null}},"83":{"start":{"line":181,"column":26},"end":{"line":187,"column":null}},"84":{"start":{"line":189,"column":6},"end":{"line":189,"column":null}},"85":{"start":{"line":190,"column":6},"end":{"line":190,"column":null}},"86":{"start":{"line":191,"column":6},"end":{"line":191,"column":null}},"87":{"start":{"line":192,"column":6},"end":{"line":192,"column":null}},"88":{"start":{"line":194,"column":6},"end":{"line":194,"column":null}},"89":{"start":{"line":195,"column":6},"end":{"line":195,"column":null}},"90":{"start":{"line":197,"column":6},"end":{"line":197,"column":null}},"91":{"start":{"line":197,"column":33},"end":{"line":197,"column":58}},"92":{"start":{"line":204,"column":8},"end":{"line":265,"column":null}},"93":{"start":{"line":205,"column":23},"end":{"line":205,"column":null}},"94":{"start":{"line":207,"column":4},"end":{"line":210,"column":null}},"95":{"start":{"line":208,"column":6},"end":{"line":208,"column":null}},"96":{"start":{"line":209,"column":6},"end":{"line":209,"column":null}},"97":{"start":{"line":212,"column":4},"end":{"line":212,"column":null}},"98":{"start":{"line":212,"column":31},"end":{"line":212,"column":57}},"99":{"start":{"line":213,"column":4},"end":{"line":213,"column":null}},"100":{"start":{"line":215,"column":4},"end":{"line":264,"column":null}},"101":{"start":{"line":216,"column":12},"end":{"line":216,"column":null}},"102":{"start":{"line":217,"column":6},"end":{"line":220,"column":null}},"103":{"start":{"line":218,"column":8},"end":{"line":218,"column":null}},"104":{"start":{"line":219,"column":8},"end":{"line":219,"column":null}},"105":{"start":{"line":222,"column":79},"end":{"line":228,"column":null}},"106":{"start":{"line":230,"column":18},"end":{"line":230,"column":null}},"107":{"start":{"line":232,"column":21},"end":{"line":232,"column":null}},"108":{"start":{"line":234,"column":23},"end":{"line":241,"column":null}},"109":{"start":{"line":243,"column":6},"end":{"line":255,"column":null}},"110":{"start":{"line":244,"column":8},"end":{"line":253,"column":null}},"111":{"start":{"line":246,"column":28},"end":{"line":246,"column":null}},"112":{"start":{"line":247,"column":10},"end":{"line":251,"column":null}},"113":{"start":{"line":248,"column":12},"end":{"line":248,"column":null}},"114":{"start":{"line":250,"column":12},"end":{"line":250,"column":null}},"115":{"start":{"line":252,"column":10},"end":{"line":252,"column":null}},"116":{"start":{"line":254,"column":8},"end":{"line":254,"column":null}},"117":{"start":{"line":257,"column":6},"end":{"line":257,"column":null}},"118":{"start":{"line":259,"column":6},"end":{"line":259,"column":null}},"119":{"start":{"line":260,"column":6},"end":{"line":260,"column":null}},"120":{"start":{"line":261,"column":6},"end":{"line":261,"column":null}},"121":{"start":{"line":263,"column":6},"end":{"line":263,"column":null}},"122":{"start":{"line":263,"column":33},"end":{"line":263,"column":60}},"123":{"start":{"line":270,"column":8},"end":{"line":302,"column":null}},"124":{"start":{"line":271,"column":4},"end":{"line":271,"column":null}},"125":{"start":{"line":271,"column":39},"end":{"line":271,"column":null}},"126":{"start":{"line":273,"column":4},"end":{"line":273,"column":null}},"127":{"start":{"line":273,"column":31},"end":{"line":273,"column":57}},"128":{"start":{"line":275,"column":4},"end":{"line":301,"column":null}},"129":{"start":{"line":276,"column":12},"end":{"line":276,"column":null}},"130":{"start":{"line":277,"column":6},"end":{"line":280,"column":null}},"131":{"start":{"line":278,"column":8},"end":{"line":278,"column":null}},"132":{"start":{"line":279,"column":8},"end":{"line":279,"column":null}},"133":{"start":{"line":282,"column":23},"end":{"line":288,"column":null}},"134":{"start":{"line":290,"column":6},"end":{"line":292,"column":null}},"135":{"start":{"line":291,"column":8},"end":{"line":291,"column":null}},"136":{"start":{"line":294,"column":6},"end":{"line":294,"column":null}},"137":{"start":{"line":296,"column":6},"end":{"line":296,"column":null}},"138":{"start":{"line":297,"column":6},"end":{"line":297,"column":null}},"139":{"start":{"line":298,"column":6},"end":{"line":298,"column":null}},"140":{"start":{"line":300,"column":6},"end":{"line":300,"column":null}},"141":{"start":{"line":300,"column":33},"end":{"line":300,"column":60}},"142":{"start":{"line":307,"column":8},"end":{"line":311,"column":null}},"143":{"start":{"line":308,"column":4},"end":{"line":308,"column":null}},"144":{"start":{"line":309,"column":4},"end":{"line":309,"column":null}},"145":{"start":{"line":310,"column":4},"end":{"line":310,"column":null}},"146":{"start":{"line":314,"column":2},"end":{"line":318,"column":null}},"147":{"start":{"line":315,"column":4},"end":{"line":317,"column":null}},"148":{"start":{"line":316,"column":6},"end":{"line":316,"column":null}},"149":{"start":{"line":321,"column":21},"end":{"line":321,"column":null}},"150":{"start":{"line":325,"column":4},"end":{"line":329,"column":null}},"151":{"start":{"line":329,"column":50},"end":{"line":329,"column":97}},"152":{"start":{"line":333,"column":26},"end":{"line":333,"column":null}},"153":{"start":{"line":335,"column":2},"end":{"line":352,"column":null}}},"fnMap":{"0":{"name":"(anonymous_0)","decl":{"start":{"line":10,"column":30},"end":{"line":10,"column":31}},"loc":{"start":{"line":10,"column":79},"end":{"line":353,"column":null}},"line":10},"1":{"name":"(anonymous_1)","decl":{"start":{"line":35,"column":36},"end":{"line":35,"column":37}},"loc":{"start":{"line":35,"column":106},"end":{"line":84,"column":5}},"line":35},"2":{"name":"(anonymous_2)","decl":{"start":{"line":89,"column":35},"end":{"line":89,"column":59}},"loc":{"start":{"line":89,"column":59},"end":{"line":103,"column":5}},"line":89},"3":{"name":"(anonymous_3)","decl":{"start":{"line":92,"column":34},"end":{"line":92,"column":35}},"loc":{"start":{"line":92,"column":43},"end":{"line":98,"column":5}},"line":92},"4":{"name":"(anonymous_4)","decl":{"start":{"line":109,"column":4},"end":{"line":109,"column":5}},"loc":{"start":{"line":109,"column":55},"end":{"line":119,"column":null}},"line":109},"5":{"name":"(anonymous_5)","decl":{"start":{"line":110,"column":23},"end":{"line":110,"column":24}},"loc":{"start":{"line":110,"column":33},"end":{"line":110,"column":58}},"line":110},"6":{"name":"(anonymous_6)","decl":{"start":{"line":115,"column":26},"end":{"line":115,"column":27}},"loc":{"start":{"line":115,"column":37},"end":{"line":118,"column":8}},"line":115},"7":{"name":"(anonymous_7)","decl":{"start":{"line":127,"column":4},"end":{"line":127,"column":5}},"loc":{"start":{"line":127,"column":54},"end":{"line":144,"column":null}},"line":127},"8":{"name":"(anonymous_8)","decl":{"start":{"line":129,"column":18},"end":{"line":129,"column":19}},"loc":{"start":{"line":129,"column":29},"end":{"line":129,"column":57}},"line":129},"9":{"name":"(anonymous_9)","decl":{"start":{"line":139,"column":28},"end":{"line":139,"column":29}},"loc":{"start":{"line":139,"column":39},"end":{"line":142,"column":10}},"line":139},"10":{"name":"(anonymous_10)","decl":{"start":{"line":151,"column":34},"end":{"line":151,"column":46}},"loc":{"start":{"line":151,"column":46},"end":{"line":199,"column":5}},"line":151},"11":{"name":"(anonymous_11)","decl":{"start":{"line":154,"column":20},"end":{"line":154,"column":21}},"loc":{"start":{"line":154,"column":31},"end":{"line":154,"column":55}},"line":154},"12":{"name":"(anonymous_12)","decl":{"start":{"line":197,"column":22},"end":{"line":197,"column":23}},"loc":{"start":{"line":197,"column":33},"end":{"line":197,"column":58}},"line":197},"13":{"name":"(anonymous_13)","decl":{"start":{"line":204,"column":33},"end":{"line":204,"column":63}},"loc":{"start":{"line":204,"column":63},"end":{"line":265,"column":5}},"line":204},"14":{"name":"(anonymous_14)","decl":{"start":{"line":212,"column":20},"end":{"line":212,"column":21}},"loc":{"start":{"line":212,"column":31},"end":{"line":212,"column":57}},"line":212},"15":{"name":"(anonymous_15)","decl":{"start":{"line":263,"column":22},"end":{"line":263,"column":23}},"loc":{"start":{"line":263,"column":33},"end":{"line":263,"column":60}},"line":263},"16":{"name":"(anonymous_16)","decl":{"start":{"line":270,"column":36},"end":{"line":270,"column":66}},"loc":{"start":{"line":270,"column":66},"end":{"line":302,"column":5}},"line":270},"17":{"name":"(anonymous_17)","decl":{"start":{"line":273,"column":20},"end":{"line":273,"column":21}},"loc":{"start":{"line":273,"column":31},"end":{"line":273,"column":57}},"line":273},"18":{"name":"(anonymous_18)","decl":{"start":{"line":300,"column":22},"end":{"line":300,"column":23}},"loc":{"start":{"line":300,"column":33},"end":{"line":300,"column":60}},"line":300},"19":{"name":"(anonymous_19)","decl":{"start":{"line":307,"column":32},"end":{"line":307,"column":38}},"loc":{"start":{"line":307,"column":38},"end":{"line":311,"column":5}},"line":307},"20":{"name":"(anonymous_20)","decl":{"start":{"line":314,"column":12},"end":{"line":314,"column":18}},"loc":{"start":{"line":314,"column":18},"end":{"line":318,"column":5}},"line":314},"21":{"name":"(anonymous_21)","decl":{"start":{"line":329,"column":41},"end":{"line":329,"column":42}},"loc":{"start":{"line":329,"column":50},"end":{"line":329,"column":97}},"line":329}},"branchMap":{"0":{"loc":{"start":{"line":36,"column":4},"end":{"line":81,"column":null}},"type":"switch","locations":[{"start":{"line":37,"column":6},"end":{"line":42,"column":null}},{"start":{"line":43,"column":6},"end":{"line":47,"column":null}},{"start":{"line":49,"column":6},"end":{"line":62,"column":null}},{"start":{"line":63,"column":6},"end":{"line":68,"column":null}},{"start":{"line":70,"column":6},"end":{"line":80,"column":null}}],"line":36},"1":{"loc":{"start":{"line":38,"column":35},"end":{"line":38,"column":46}},"type":"binary-expr","locations":[{"start":{"line":38,"column":35},"end":{"line":38,"column":44}},{"start":{"line":38,"column":44},"end":{"line":38,"column":46}}],"line":38},"2":{"loc":{"start":{"line":39,"column":8},"end":{"line":39,"column":null}},"type":"if","locations":[{"start":{"line":39,"column":8},"end":{"line":39,"column":null}},{"start":{},"end":{}}],"line":39},"3":{"loc":{"start":{"line":40,"column":8},"end":{"line":40,"column":null}},"type":"if","locations":[{"start":{"line":40,"column":8},"end":{"line":40,"column":null}},{"start":{},"end":{}}],"line":40},"4":{"loc":{"start":{"line":44,"column":8},"end":{"line":46,"column":null}},"type":"if","locations":[{"start":{"line":44,"column":8},"end":{"line":46,"column":null}},{"start":{},"end":{}}],"line":44},"5":{"loc":{"start":{"line":44,"column":12},"end":{"line":44,"column":63}},"type":"binary-expr","locations":[{"start":{"line":44,"column":12},"end":{"line":44,"column":22}},{"start":{"line":44,"column":22},"end":{"line":44,"column":51}},{"start":{"line":44,"column":51},"end":{"line":44,"column":63}}],"line":44},"6":{"loc":{"start":{"line":50,"column":8},"end":{"line":52,"column":null}},"type":"if","locations":[{"start":{"line":50,"column":8},"end":{"line":52,"column":null}},{"start":{},"end":{}}],"line":50},"7":{"loc":{"start":{"line":50,"column":12},"end":{"line":50,"column":67}},"type":"binary-expr","locations":[{"start":{"line":50,"column":12},"end":{"line":50,"column":30}},{"start":{"line":50,"column":30},"end":{"line":50,"column":53}},{"start":{"line":50,"column":53},"end":{"line":50,"column":67}}],"line":50},"8":{"loc":{"start":{"line":54,"column":8},"end":{"line":56,"column":null}},"type":"if","locations":[{"start":{"line":54,"column":8},"end":{"line":56,"column":null}},{"start":{},"end":{}}],"line":54},"9":{"loc":{"start":{"line":54,"column":12},"end":{"line":54,"column":45}},"type":"binary-expr","locations":[{"start":{"line":54,"column":12},"end":{"line":54,"column":31}},{"start":{"line":54,"column":31},"end":{"line":54,"column":45}}],"line":54},"10":{"loc":{"start":{"line":58,"column":8},"end":{"line":60,"column":null}},"type":"if","locations":[{"start":{"line":58,"column":8},"end":{"line":60,"column":null}},{"start":{},"end":{}}],"line":58},"11":{"loc":{"start":{"line":64,"column":8},"end":{"line":64,"column":null}},"type":"if","locations":[{"start":{"line":64,"column":8},"end":{"line":64,"column":null}},{"start":{},"end":{}}],"line":64},"12":{"loc":{"start":{"line":65,"column":8},"end":{"line":67,"column":null}},"type":"if","locations":[{"start":{"line":65,"column":8},"end":{"line":67,"column":null}},{"start":{},"end":{}}],"line":65},"13":{"loc":{"start":{"line":71,"column":8},"end":{"line":79,"column":null}},"type":"if","locations":[{"start":{"line":71,"column":8},"end":{"line":79,"column":null}},{"start":{},"end":{}}],"line":71},"14":{"loc":{"start":{"line":76,"column":10},"end":{"line":78,"column":null}},"type":"if","locations":[{"start":{"line":76,"column":10},"end":{"line":78,"column":null}},{"start":{},"end":{}}],"line":76},"15":{"loc":{"start":{"line":95,"column":6},"end":{"line":97,"column":null}},"type":"if","locations":[{"start":{"line":95,"column":6},"end":{"line":97,"column":null}},{"start":{},"end":{}}],"line":95},"16":{"loc":{"start":{"line":113,"column":25},"end":{"line":113,"column":null}},"type":"cond-expr","locations":[{"start":{"line":113,"column":47},"end":{"line":113,"column":55}},{"start":{"line":113,"column":55},"end":{"line":113,"column":null}}],"line":113},"17":{"loc":{"start":{"line":132,"column":6},"end":{"line":134,"column":null}},"type":"if","locations":[{"start":{"line":132,"column":6},"end":{"line":134,"column":null}},{"start":{},"end":{}}],"line":132},"18":{"loc":{"start":{"line":137,"column":6},"end":{"line":143,"column":null}},"type":"if","locations":[{"start":{"line":137,"column":6},"end":{"line":143,"column":null}},{"start":{},"end":{}}],"line":137},"19":{"loc":{"start":{"line":152,"column":4},"end":{"line":152,"column":null}},"type":"if","locations":[{"start":{"line":152,"column":4},"end":{"line":152,"column":null}},{"start":{},"end":{}}],"line":152},"20":{"loc":{"start":{"line":152,"column":8},"end":{"line":152,"column":39}},"type":"binary-expr","locations":[{"start":{"line":152,"column":8},"end":{"line":152,"column":27}},{"start":{"line":152,"column":27},"end":{"line":152,"column":39}}],"line":152},"21":{"loc":{"start":{"line":158,"column":6},"end":{"line":160,"column":null}},"type":"if","locations":[{"start":{"line":158,"column":6},"end":{"line":160,"column":null}},{"start":{},"end":{}}],"line":158},"22":{"loc":{"start":{"line":169,"column":6},"end":{"line":176,"column":null}},"type":"if","locations":[{"start":{"line":169,"column":6},"end":{"line":176,"column":null}},{"start":{},"end":{}}],"line":169},"23":{"loc":{"start":{"line":170,"column":8},"end":{"line":174,"column":null}},"type":"if","locations":[{"start":{"line":170,"column":8},"end":{"line":174,"column":null}},{"start":{"line":172,"column":8},"end":{"line":174,"column":null}}],"line":170},"24":{"loc":{"start":{"line":172,"column":8},"end":{"line":174,"column":null}},"type":"if","locations":[{"start":{"line":172,"column":8},"end":{"line":174,"column":null}},{"start":{},"end":{}}],"line":172},"25":{"loc":{"start":{"line":195,"column":21},"end":{"line":195,"column":95}},"type":"cond-expr","locations":[{"start":{"line":195,"column":46},"end":{"line":195,"column":62}},{"start":{"line":195,"column":62},"end":{"line":195,"column":95}}],"line":195},"26":{"loc":{"start":{"line":207,"column":4},"end":{"line":210,"column":null}},"type":"if","locations":[{"start":{"line":207,"column":4},"end":{"line":210,"column":null}},{"start":{},"end":{}}],"line":207},"27":{"loc":{"start":{"line":217,"column":6},"end":{"line":220,"column":null}},"type":"if","locations":[{"start":{"line":217,"column":6},"end":{"line":220,"column":null}},{"start":{},"end":{}}],"line":217},"28":{"loc":{"start":{"line":224,"column":20},"end":{"line":224,"column":null}},"type":"binary-expr","locations":[{"start":{"line":224,"column":20},"end":{"line":224,"column":43}},{"start":{"line":224,"column":43},"end":{"line":224,"column":null}}],"line":224},"29":{"loc":{"start":{"line":225,"column":18},"end":{"line":225,"column":null}},"type":"binary-expr","locations":[{"start":{"line":225,"column":18},"end":{"line":225,"column":39}},{"start":{"line":225,"column":39},"end":{"line":225,"column":null}}],"line":225},"30":{"loc":{"start":{"line":226,"column":14},"end":{"line":226,"column":null}},"type":"binary-expr","locations":[{"start":{"line":226,"column":14},"end":{"line":226,"column":31}},{"start":{"line":226,"column":31},"end":{"line":226,"column":null}}],"line":226},"31":{"loc":{"start":{"line":227,"column":19},"end":{"line":227,"column":null}},"type":"binary-expr","locations":[{"start":{"line":227,"column":19},"end":{"line":227,"column":41}},{"start":{"line":227,"column":41},"end":{"line":227,"column":null}}],"line":227},"32":{"loc":{"start":{"line":230,"column":18},"end":{"line":230,"column":null}},"type":"cond-expr","locations":[{"start":{"line":230,"column":38},"end":{"line":230,"column":61}},{"start":{"line":230,"column":61},"end":{"line":230,"column":null}}],"line":230},"33":{"loc":{"start":{"line":232,"column":21},"end":{"line":232,"column":null}},"type":"cond-expr","locations":[{"start":{"line":232,"column":41},"end":{"line":232,"column":50}},{"start":{"line":232,"column":50},"end":{"line":232,"column":null}}],"line":232},"34":{"loc":{"start":{"line":243,"column":6},"end":{"line":255,"column":null}},"type":"if","locations":[{"start":{"line":243,"column":6},"end":{"line":255,"column":null}},{"start":{},"end":{}}],"line":243},"35":{"loc":{"start":{"line":244,"column":8},"end":{"line":253,"column":null}},"type":"if","locations":[{"start":{"line":244,"column":8},"end":{"line":253,"column":null}},{"start":{},"end":{}}],"line":244},"36":{"loc":{"start":{"line":247,"column":10},"end":{"line":251,"column":null}},"type":"if","locations":[{"start":{"line":247,"column":10},"end":{"line":251,"column":null}},{"start":{"line":249,"column":17},"end":{"line":251,"column":null}}],"line":247},"37":{"loc":{"start":{"line":260,"column":21},"end":{"line":260,"column":88}},"type":"cond-expr","locations":[{"start":{"line":260,"column":46},"end":{"line":260,"column":62}},{"start":{"line":260,"column":62},"end":{"line":260,"column":88}}],"line":260},"38":{"loc":{"start":{"line":271,"column":4},"end":{"line":271,"column":null}},"type":"if","locations":[{"start":{"line":271,"column":4},"end":{"line":271,"column":null}},{"start":{},"end":{}}],"line":271},"39":{"loc":{"start":{"line":271,"column":8},"end":{"line":271,"column":39}},"type":"binary-expr","locations":[{"start":{"line":271,"column":8},"end":{"line":271,"column":27}},{"start":{"line":271,"column":27},"end":{"line":271,"column":39}}],"line":271},"40":{"loc":{"start":{"line":277,"column":6},"end":{"line":280,"column":null}},"type":"if","locations":[{"start":{"line":277,"column":6},"end":{"line":280,"column":null}},{"start":{},"end":{}}],"line":277},"41":{"loc":{"start":{"line":290,"column":6},"end":{"line":292,"column":null}},"type":"if","locations":[{"start":{"line":290,"column":6},"end":{"line":292,"column":null}},{"start":{},"end":{}}],"line":290},"42":{"loc":{"start":{"line":297,"column":21},"end":{"line":297,"column":85}},"type":"cond-expr","locations":[{"start":{"line":297,"column":46},"end":{"line":297,"column":62}},{"start":{"line":297,"column":62},"end":{"line":297,"column":85}}],"line":297},"43":{"loc":{"start":{"line":315,"column":4},"end":{"line":317,"column":null}},"type":"if","locations":[{"start":{"line":315,"column":4},"end":{"line":317,"column":null}},{"start":{},"end":{}}],"line":315},"44":{"loc":{"start":{"line":315,"column":8},"end":{"line":315,"column":38}},"type":"binary-expr","locations":[{"start":{"line":315,"column":8},"end":{"line":315,"column":27}},{"start":{"line":315,"column":27},"end":{"line":315,"column":38}}],"line":315},"45":{"loc":{"start":{"line":325,"column":4},"end":{"line":329,"column":null}},"type":"binary-expr","locations":[{"start":{"line":325,"column":4},"end":{"line":325,"column":null}},{"start":{"line":326,"column":4},"end":{"line":326,"column":null}},{"start":{"line":327,"column":4},"end":{"line":327,"column":null}},{"start":{"line":328,"column":4},"end":{"line":328,"column":null}},{"start":{"line":329,"column":4},"end":{"line":329,"column":null}}],"line":325},"46":{"loc":{"start":{"line":333,"column":26},"end":{"line":333,"column":null}},"type":"cond-expr","locations":[{"start":{"line":333,"column":46},"end":{"line":333,"column":60}},{"start":{"line":333,"column":60},"end":{"line":333,"column":null}}],"line":333},"47":{"loc":{"start":{"line":333,"column":60},"end":{"line":333,"column":null}},"type":"binary-expr","locations":[{"start":{"line":333,"column":60},"end":{"line":333,"column":75}},{"start":{"line":333,"column":75},"end":{"line":333,"column":null}}],"line":333}},"s":{"0":0,"1":0,"2":0,"3":0,"4":0,"5":0,"6":0,"7":0,"8":0,"9":0,"10":0,"11":0,"12":0,"13":0,"14":0,"15":0,"16":0,"17":0,"18":0,"19":0,"20":0,"21":0,"22":0,"23":0,"24":0,"25":0,"26":0,"27":0,"28":0,"29":0,"30":0,"31":0,"32":0,"33":0,"34":0,"35":0,"36":0,"37":0,"38":0,"39":0,"40":0,"41":0,"42":0,"43":0,"44":0,"45":0,"46":0,"47":0,"48":0,"49":0,"50":0,"51":0,"52":0,"53":0,"54":0,"55":0,"56":0,"57":0,"58":0,"59":0,"60":0,"61":0,"62":0,"63":0,"64":0,"65":0,"66":0,"67":0,"68":0,"69":0,"70":0,"71":0,"72":0,"73":0,"74":0,"75":0,"76":0,"77":0,"78":0,"79":0,"80":0,"81":0,"82":0,"83":0,"84":0,"85":0,"86":0,"87":0,"88":0,"89":0,"90":0,"91":0,"92":0,"93":0,"94":0,"95":0,"96":0,"97":0,"98":0,"99":0,"100":0,"101":0,"102":0,"103":0,"104":0,"105":0,"106":0,"107":0,"108":0,"109":0,"110":0,"111":0,"112":0,"113":0,"114":0,"115":0,"116":0,"117":0,"118":0,"119":0,"120":0,"121":0,"122":0,"123":0,"124":0,"125":0,"126":0,"127":0,"128":0,"129":0,"130":0,"131":0,"132":0,"133":0,"134":0,"135":0,"136":0,"137":0,"138":0,"139":0,"140":0,"141":0,"142":0,"143":0,"144":0,"145":0,"146":0,"147":0,"148":0,"149":0,"150":0,"151":0,"152":0,"153":0},"f":{"0":0,"1":0,"2":0,"3":0,"4":0,"5":0,"6":0,"7":0,"8":0,"9":0,"10":0,"11":0,"12":0,"13":0,"14":0,"15":0,"16":0,"17":0,"18":0,"19":0,"20":0,"21":0},"b":{"0":[0,0,0,0,0],"1":[0,0],"2":[0,0],"3":[0,0],"4":[0,0],"5":[0,0,0],"6":[0,0],"7":[0,0,0],"8":[0,0],"9":[0,0],"10":[0,0],"11":[0,0],"12":[0,0],"13":[0,0],"14":[0,0],"15":[0,0],"16":[0,0],"17":[0,0],"18":[0,0],"19":[0,0],"20":[0,0],"21":[0,0],"22":[0,0],"23":[0,0],"24":[0,0],"25":[0,0],"26":[0,0],"27":[0,0],"28":[0,0],"29":[0,0],"30":[0,0],"31":[0,0],"32":[0,0],"33":[0,0],"34":[0,0],"35":[0,0],"36":[0,0],"37":[0,0],"38":[0,0],"39":[0,0],"40":[0,0],"41":[0,0],"42":[0,0],"43":[0,0],"44":[0,0],"45":[0,0,0,0,0],"46":[0,0],"47":[0,0]},"meta":{"lastBranch":48,"lastFunction":22,"lastStatement":154,"seen":{"s:10:30:353:Infinity":0,"f:10:30:10:31":0,"s:12:43:18:Infinity":1,"s:20:30:20:Infinity":2,"s:21:38:21:Infinity":3,"s:22:46:22:Infinity":4,"s:23:40:23:Infinity":5,"s:24:38:29:Infinity":6,"s:30:36:30:Infinity":7,"s:35:8:84:Infinity":8,"f:35:36:35:37":1,"b:37:6:42:Infinity:43:6:47:Infinity:49:6:62:Infinity:63:6:68:Infinity:70:6:80:Infinity":0,"s:36:4:81:Infinity":9,"s:38:28:38:Infinity":10,"b:38:35:38:44:38:44:38:46":1,"b:39:8:39:Infinity:undefined:undefined:undefined:undefined":2,"s:39:8:39:Infinity":11,"s:39:26:39:Infinity":12,"b:40:8:40:Infinity:undefined:undefined:undefined:undefined":3,"s:40:8:40:Infinity":13,"s:40:38:40:Infinity":14,"s:41:8:41:Infinity":15,"b:44:8:46:Infinity:undefined:undefined:undefined:undefined":4,"s:44:8:46:Infinity":16,"b:44:12:44:22:44:22:44:51:44:51:44:63":5,"s:45:10:45:Infinity":17,"s:47:8:47:Infinity":18,"b:50:8:52:Infinity:undefined:undefined:undefined:undefined":6,"s:50:8:52:Infinity":19,"b:50:12:50:30:50:30:50:53:50:53:50:67":7,"s:51:10:51:Infinity":20,"s:53:25:53:Infinity":21,"b:54:8:56:Infinity:undefined:undefined:undefined:undefined":8,"s:54:8:56:Infinity":22,"b:54:12:54:31:54:31:54:45":9,"s:55:10:55:Infinity":23,"b:58:8:60:Infinity:undefined:undefined:undefined:undefined":10,"s:58:8:60:Infinity":24,"s:59:10:59:Infinity":25,"s:61:8:61:Infinity":26,"b:64:8:64:Infinity:undefined:undefined:undefined:undefined":11,"s:64:8:64:Infinity":27,"s:64:20:64:Infinity":28,"b:65:8:67:Infinity:undefined:undefined:undefined:undefined":12,"s:65:8:67:Infinity":29,"s:66:10:66:Infinity":30,"s:68:8:68:Infinity":31,"b:71:8:79:Infinity:undefined:undefined:undefined:undefined":13,"s:71:8:79:Infinity":32,"s:72:29:72:Infinity":33,"s:73:24:73:Infinity":34,"s:74:10:74:Infinity":35,"b:76:10:78:Infinity:undefined:undefined:undefined:undefined":14,"s:76:10:78:Infinity":36,"s:77:12:77:Infinity":37,"s:80:8:80:Infinity":38,"s:83:4:83:Infinity":39,"s:89:8:103:Infinity":40,"f:89:35:89:59":2,"s:90:37:90:Infinity":41,"s:92:4:98:Infinity":42,"f:92:34:92:35":3,"s:93:20:93:Infinity":43,"s:94:20:94:Infinity":44,"b:95:6:97:Infinity:undefined:undefined:undefined:undefined":15,"s:95:6:97:Infinity":45,"s:96:8:96:Infinity":46,"s:100:20:100:Infinity":47,"s:102:4:102:Infinity":48,"s:108:8:121:Infinity":49,"f:109:4:109:5":4,"s:110:6:110:Infinity":50,"f:110:23:110:24":5,"s:110:33:110:58":51,"s:113:25:113:Infinity":52,"b:113:47:113:55:113:55:113:Infinity":16,"s:114:20:114:Infinity":53,"s:115:6:118:Infinity":54,"f:115:26:115:27":6,"s:115:37:118:8":55,"s:126:8:146:Infinity":56,"f:127:4:127:5":7,"s:129:6:129:Infinity":57,"f:129:18:129:19":8,"s:129:29:129:57":58,"b:132:6:134:Infinity:undefined:undefined:undefined:undefined":17,"s:132:6:134:Infinity":59,"s:133:8:133:Infinity":60,"b:137:6:143:Infinity:undefined:undefined:undefined:undefined":18,"s:137:6:143:Infinity":61,"s:138:22:138:Infinity":62,"s:139:8:142:Infinity":63,"f:139:28:139:29":9,"s:139:39:142:10":64,"s:151:8:199:Infinity":65,"f:151:34:151:46":10,"b:152:4:152:Infinity:undefined:undefined:undefined:undefined":19,"s:152:4:152:Infinity":66,"b:152:8:152:27:152:27:152:39":20,"s:152:39:152:Infinity":67,"s:154:4:154:Infinity":68,"f:154:20:154:21":11,"s:154:31:154:55":69,"s:156:4:198:Infinity":70,"s:157:12:157:Infinity":71,"b:158:6:160:Infinity:undefined:undefined:undefined:undefined":21,"s:158:6:160:Infinity":72,"s:159:8:159:Infinity":73,"s:162:23:167:Infinity":74,"b:169:6:176:Infinity:undefined:undefined:undefined:undefined":22,"s:169:6:176:Infinity":75,"b:170:8:174:Infinity:172:8:174:Infinity":23,"s:170:8:174:Infinity":76,"s:171:10:171:Infinity":77,"b:172:8:174:Infinity:undefined:undefined:undefined:undefined":24,"s:172:8:174:Infinity":78,"s:173:10:173:Infinity":79,"s:175:8:175:Infinity":80,"s:178:40:178:Infinity":81,"s:179:22:179:Infinity":82,"s:181:26:187:Infinity":83,"s:189:6:189:Infinity":84,"s:190:6:190:Infinity":85,"s:191:6:191:Infinity":86,"s:192:6:192:Infinity":87,"s:194:6:194:Infinity":88,"s:195:6:195:Infinity":89,"b:195:46:195:62:195:62:195:95":25,"s:197:6:197:Infinity":90,"f:197:22:197:23":12,"s:197:33:197:58":91,"s:204:8:265:Infinity":92,"f:204:33:204:63":13,"s:205:23:205:Infinity":93,"b:207:4:210:Infinity:undefined:undefined:undefined:undefined":26,"s:207:4:210:Infinity":94,"s:208:6:208:Infinity":95,"s:209:6:209:Infinity":96,"s:212:4:212:Infinity":97,"f:212:20:212:21":14,"s:212:31:212:57":98,"s:213:4:213:Infinity":99,"s:215:4:264:Infinity":100,"s:216:12:216:Infinity":101,"b:217:6:220:Infinity:undefined:undefined:undefined:undefined":27,"s:217:6:220:Infinity":102,"s:218:8:218:Infinity":103,"s:219:8:219:Infinity":104,"s:222:79:228:Infinity":105,"b:224:20:224:43:224:43:224:Infinity":28,"b:225:18:225:39:225:39:225:Infinity":29,"b:226:14:226:31:226:31:226:Infinity":30,"b:227:19:227:41:227:41:227:Infinity":31,"s:230:18:230:Infinity":106,"b:230:38:230:61:230:61:230:Infinity":32,"s:232:21:232:Infinity":107,"b:232:41:232:50:232:50:232:Infinity":33,"s:234:23:241:Infinity":108,"b:243:6:255:Infinity:undefined:undefined:undefined:undefined":34,"s:243:6:255:Infinity":109,"b:244:8:253:Infinity:undefined:undefined:undefined:undefined":35,"s:244:8:253:Infinity":110,"s:246:28:246:Infinity":111,"b:247:10:251:Infinity:249:17:251:Infinity":36,"s:247:10:251:Infinity":112,"s:248:12:248:Infinity":113,"s:250:12:250:Infinity":114,"s:252:10:252:Infinity":115,"s:254:8:254:Infinity":116,"s:257:6:257:Infinity":117,"s:259:6:259:Infinity":118,"s:260:6:260:Infinity":119,"b:260:46:260:62:260:62:260:88":37,"s:261:6:261:Infinity":120,"s:263:6:263:Infinity":121,"f:263:22:263:23":15,"s:263:33:263:60":122,"s:270:8:302:Infinity":123,"f:270:36:270:66":16,"b:271:4:271:Infinity:undefined:undefined:undefined:undefined":38,"s:271:4:271:Infinity":124,"b:271:8:271:27:271:27:271:39":39,"s:271:39:271:Infinity":125,"s:273:4:273:Infinity":126,"f:273:20:273:21":17,"s:273:31:273:57":127,"s:275:4:301:Infinity":128,"s:276:12:276:Infinity":129,"b:277:6:280:Infinity:undefined:undefined:undefined:undefined":40,"s:277:6:280:Infinity":130,"s:278:8:278:Infinity":131,"s:279:8:279:Infinity":132,"s:282:23:288:Infinity":133,"b:290:6:292:Infinity:undefined:undefined:undefined:undefined":41,"s:290:6:292:Infinity":134,"s:291:8:291:Infinity":135,"s:294:6:294:Infinity":136,"s:296:6:296:Infinity":137,"s:297:6:297:Infinity":138,"b:297:46:297:62:297:62:297:85":42,"s:298:6:298:Infinity":139,"s:300:6:300:Infinity":140,"f:300:22:300:23":18,"s:300:33:300:60":141,"s:307:8:311:Infinity":142,"f:307:32:307:38":19,"s:308:4:308:Infinity":143,"s:309:4:309:Infinity":144,"s:310:4:310:Infinity":145,"s:314:2:318:Infinity":146,"f:314:12:314:18":20,"b:315:4:317:Infinity:undefined:undefined:undefined:undefined":43,"s:315:4:317:Infinity":147,"b:315:8:315:27:315:27:315:38":44,"s:316:6:316:Infinity":148,"s:321:21:321:Infinity":149,"s:325:4:329:Infinity":150,"b:325:4:325:Infinity:326:4:326:Infinity:327:4:327:Infinity:328:4:328:Infinity:329:4:329:Infinity":45,"f:329:41:329:42":21,"s:329:50:329:97":151,"s:333:26:333:Infinity":152,"b:333:46:333:60:333:60:333:Infinity":46,"b:333:60:333:75:333:75:333:Infinity":47,"s:335:2:352:Infinity":153}}}
,"/Users/patryk.kurczyna@m10s.io/IdeaProjects/fridgepick/src/hooks/useRealFridgeProducts.ts": {"path":"/Users/patryk.kurczyna@m10s.io/IdeaProjects/fridgepick/src/hooks/useRealFridgeProducts.ts","statementMap":{"0":{"start":{"line":9,"column":37},"end":{"line":204,"column":null}},"1":{"start":{"line":10,"column":30},"end":{"line":10,"column":null}},"2":{"start":{"line":11,"column":28},"end":{"line":11,"column":null}},"3":{"start":{"line":12,"column":36},"end":{"line":12,"column":null}},"4":{"start":{"line":13,"column":24},"end":{"line":13,"column":null}},"5":{"start":{"line":14,"column":42},"end":{"line":14,"column":null}},"6":{"start":{"line":15,"column":40},"end":{"line":15,"column":null}},"7":{"start":{"line":16,"column":40},"end":{"line":16,"column":null}},"8":{"start":{"line":19,"column":36},"end":{"line":19,"column":null}},"9":{"start":{"line":20,"column":44},"end":{"line":20,"column":null}},"10":{"start":{"line":23,"column":2},"end":{"line":29,"column":null}},"11":{"start":{"line":24,"column":18},"end":{"line":26,"column":null}},"12":{"start":{"line":25,"column":6},"end":{"line":25,"column":null}},"13":{"start":{"line":28,"column":4},"end":{"line":28,"column":null}},"14":{"start":{"line":28,"column":17},"end":{"line":28,"column":null}},"15":{"start":{"line":32,"column":2},"end":{"line":104,"column":null}},"16":{"start":{"line":33,"column":26},"end":{"line":101,"column":null}},"17":{"start":{"line":34,"column":6},"end":{"line":100,"column":null}},"18":{"start":{"line":36,"column":14},"end":{"line":36,"column":null}},"19":{"start":{"line":37,"column":8},"end":{"line":43,"column":null}},"20":{"start":{"line":38,"column":10},"end":{"line":38,"column":null}},"21":{"start":{"line":39,"column":10},"end":{"line":39,"column":null}},"22":{"start":{"line":40,"column":10},"end":{"line":40,"column":null}},"23":{"start":{"line":41,"column":10},"end":{"line":41,"column":null}},"24":{"start":{"line":42,"column":10},"end":{"line":42,"column":null}},"25":{"start":{"line":46,"column":31},"end":{"line":46,"column":null}},"26":{"start":{"line":48,"column":8},"end":{"line":52,"column":null}},"27":{"start":{"line":49,"column":10},"end":{"line":49,"column":null}},"28":{"start":{"line":51,"column":10},"end":{"line":51,"column":null}},"29":{"start":{"line":55,"column":23},"end":{"line":55,"column":null}},"30":{"start":{"line":56,"column":8},"end":{"line":58,"column":null}},"31":{"start":{"line":57,"column":10},"end":{"line":57,"column":null}},"32":{"start":{"line":60,"column":20},"end":{"line":60,"column":null}},"33":{"start":{"line":62,"column":25},"end":{"line":67,"column":null}},"34":{"start":{"line":69,"column":8},"end":{"line":71,"column":null}},"35":{"start":{"line":70,"column":10},"end":{"line":70,"column":null}},"36":{"start":{"line":73,"column":43},"end":{"line":73,"column":null}},"37":{"start":{"line":76,"column":48},"end":{"line":88,"column":null}},"38":{"start":{"line":76,"column":80},"end":{"line":88,"column":10}},"39":{"start":{"line":90,"column":8},"end":{"line":90,"column":null}},"40":{"start":{"line":91,"column":8},"end":{"line":91,"column":null}},"41":{"start":{"line":92,"column":8},"end":{"line":92,"column":null}},"42":{"start":{"line":93,"column":8},"end":{"line":93,"column":null}},"43":{"start":{"line":94,"column":8},"end":{"line":94,"column":null}},"44":{"start":{"line":95,"column":8},"end":{"line":95,"column":null}},"45":{"start":{"line":97,"column":8},"end":{"line":97,"column
[...]
{"name":"(anonymous_7)","decl":{"start":{"line":74,"column":14},"end":{"line":74,"column":15}},"loc":{"start":{"line":74,"column":23},"end":{"line":74,"column":63}},"line":74},"8":{"name":"(anonymous_8)","decl":{"start":{"line":79,"column":17},"end":{"line":79,"column":18}},"loc":{"start":{"line":79,"column":27},"end":{"line":79,"column":63}},"line":79},"9":{"name":"(anonymous_9)","decl":{"start":{"line":80,"column":14},"end":{"line":80,"column":15}},"loc":{"start":{"line":80,"column":23},"end":{"line":80,"column":70}},"line":80},"10":{"name":"(anonymous_10)","decl":{"start":{"line":85,"column":17},"end":{"line":85,"column":18}},"loc":{"start":{"line":85,"column":26},"end":{"line":90,"column":7}},"line":85},"11":{"name":"(anonymous_11)","decl":{"start":{"line":91,"column":14},"end":{"line":91,"column":15}},"loc":{"start":{"line":91,"column":23},"end":{"line":91,"column":70}},"line":91},"12":{"name":"(anonymous_12)","decl":{"start":{"line":96,"column":17},"end":{"line":96,"column":18}},"loc":{"start":{"line":96,"column":27},"end":{"line":96,"column":63}},"line":96},"13":{"name":"(anonymous_13)","decl":{"start":{"line":98,"column":8},"end":{"line":98,"column":9}},"loc":{"start":{"line":98,"column":17},"end":{"line":98,"column":null}},"line":98},"14":{"name":"(anonymous_14)","decl":{"start":{"line":104,"column":18},"end":{"line":104,"column":25}},"loc":{"start":{"line":104,"column":25},"end":{"line":104,"column":null}},"line":104},"15":{"name":"(anonymous_15)","decl":{"start":{"line":111,"column":17},"end":{"line":111,"column":18}},"loc":{"start":{"line":111,"column":27},"end":{"line":111,"column":63}},"line":111},"16":{"name":"(anonymous_16)","decl":{"start":{"line":113,"column":8},"end":{"line":113,"column":9}},"loc":{"start":{"line":113,"column":17},"end":{"line":113,"column":null}},"line":113},"17":{"name":"(anonymous_17)","decl":{"start":{"line":120,"column":17},"end":{"line":120,"column":18}},"loc":{"start":{"line":120,"column":27},"end":{"line":120,"column":63}},"line":120},"18":{"name":"(anonymous_18)","decl":{"start":{"line":121,"column":14},"end":{"line":121,"column":15}},"loc":{"start":{"line":121,"column":23},"end":{"line":121,"column":71}},"line":121},"19":{"name":"validateCreateUserProduct","decl":{"start":{"line":162,"column":16},"end":{"line":162,"column":42}},"loc":{"start":{"line":162,"column":116},"end":{"line":193,"column":null}},"line":162},"20":{"name":"(anonymous_20)","decl":{"start":{"line":171,"column":57},"end":{"line":171,"column":58}},"loc":{"start":{"line":171,"column":67},"end":{"line":175,"column":8}},"line":171},"21":{"name":"(anonymous_21)","decl":{"start":{"line":174,"column":31},"end":{"line":174,"column":32}},"loc":{"start":{"line":174,"column":47},"end":{"line":174,"column":88}},"line":174},"22":{"name":"validateUpdateUserProduct","decl":{"start":{"line":201,"column":16},"end":{"line":201,"column":42}},"loc":{"start":{"line":201,"column":116},"end":{"line":203,"column":null}},"line":201},"23":{"name":"validateUserProductsQuery","decl":{"start":{"line":211,"column":16},"end":{"line":211,"column":null}},"loc":{"start":{"line":213,"column":61},"end":{"line":254,"column":null}},"line":213},"24":{"name":"(anonymous_24)","decl":{"start":{"line":232,"column":57},"end":{"line":232,"column":58}},"loc":{"start":{"line":232,"column":67},"end":{"line":236,"column":8}},"line":232},"25":{"name":"(anonymous_25)","decl":{"start":{"line":235,"column":31},"end":{"line":235,"column":32}},"loc":{"start":{"line":235,"column":47},"end":{"line":235,"column":88}},"line":235},"26":{"name":"validateProductId","decl":{"start":{"line":262,"column":16},"end":{"line":262,"column":null}},"loc":{"start":{"line":264,"column":53},"end":{"line":295,"column":null}},"line":264},"27":{"name":"(anonymous_27)","decl":{"start":{"line":273,"column":57},"end":{"line":273,"column":58}},"loc":{"start":{"line":273,"column":67},"end":{"line":277,"column":8}},"line":273},"28":{"name":"(anonymous_28)","decl":{"start":{"line":276,"column":31},"end":{"line":276,"column":32}},"loc":{"start":{"line":276,"column":47},"end":{"line":276,"column":88}},"line":276},"29":{"name":"formatValidationErrors","decl":{"start":{"line":303,"column":16},"end":{"line":303,"column":39}},"loc":{"start":{"line":303,"column":90},"end":{"line":311,"column":null}},"line":303},"30":{"name":"(anonymous_30)","decl":{"start":{"line":320,"column":29},"end":{"line":320,"column":30}},"loc":{"start":{"line":320,"column":85},"end":{"line":332,"column":null}},"line":320},"31":{"name":"(anonymous_31)","decl":{"start":{"line":337,"column":32},"end":{"line":337,"column":33}},"loc":{"start":{"line":337,"column":64},"end":{"line":343,"column":null}},"line":337},"32":{"name":"(anonymous_32)","decl":{"start":{"line":348,"column":20},"end":{"line":348,"column":21}},"loc":{"start":{"line":348,"column":47},"end":{"line":352,"column":null}},"line":348},"33":{"name":"validateCreateUserProductWithBusinessRules","decl":{"start":{"line":361,"column":16},"end":{"line":361,"column":null}},"loc":{"start":{"line":363,"column":61},"end":{"line":407,"column":null}},"line":363},"34":{"name":"validateUpdateUserProductWithBusinessRules","decl":{"start":{"line":412,"column":16},"end":{"line":412,"column":null}},"loc":{"start":{"line":414,"column":61},"end":{"line":416,"column":null}},"line":414}},"branchMap":{"0":{"loc":{"start":{"line":18,"column":8},"end":{"line":21,"column":null}},"type":"if","locations":[{"start":{"line":18,"column":8},"end":{"line":21,"column":null}},{"start":{},"end":{}}],"line":18},"1":{"loc":{"start":{"line":34,"column":8},"end":{"line":34,"column":null}},"type":"if","locations":[{"start":{"line":34,"column":8},"end":{"line":34,"column":null}},{"start":{},"end":{}}],"line":34},"2":{"loc":{"start":{"line":38,"column":8},"end":{"line":40,"column":null}},"type":"if","locations":[{"start":{"line":38,"column":8},"end":{"line":40,"column":null}},{"start":{},"end":{}}],"line":38},"3":{"loc":{"start":{"line":44,"column":15},"end":{"line":44,"column":null}},"type":"binary-expr","locations":[{"start":{"line":44,"column":15},"end":{"line":44,"column":41}},{"start":{"line":44,"column":41},"end":{"line":44,"column":null}}],"line":44},"4":{"loc":{"start":{"line":47,"column":8},"end":{"line":47,"column":null}},"type":"if","locations":[{"start":{"line":47,"column":8},"end":{"line":47,"column":null}},{"start":{},"end":{}}],"line":47},"5":{"loc":{"start":{"line":72,"column":26},"end":{"line":72,"column":50}},"type":"binary-expr","locations":[{"start":{"line":72,"column":26},"end":{"line":72,"column":41}},{"start":{"line":72,"column":41},"end":{"line":72,"column":50}}],"line":72},"6":{"loc":{"start":{"line":73,"column":23},"end":{"line":73,"column":61}},"type":"binary-expr","locations":[{"start":{"line":73,"column":23},"end":{"line":73,"column":44}},{"start":{"line":73,"column":44},"end":{"line":73,"column":61}}],"line":73},"7":{"loc":{"start":{"line":74,"column":23},"end":{"line":74,"column":63}},"type":"binary-expr","locations":[{"start":{"line":74,"column":23},"end":{"line":74,"column":44}},{"start":{"line":74,"column":44},"end":{"line":74,"column":63}}],"line":74},"8":{"loc":{"start":{"line":79,"column":27},"end":{"line":79,"column":63}},"type":"cond-expr","locations":[{"start":{"line":79,"column":33},"end":{"line":79,"column":53}},{"start":{"line":79,"column":53},"end":{"line":79,"column":63}}],"line":79},"9":{"loc":{"start":{"line":80,"column":23},"end":{"line":80,"column":70}},"type":"binary-expr","locations":[{"start":{"line":80,"column":23},"end":{"line":80,"column":45}},{"start":{"line":80,"column":45},"end":{"line":80,"column":60}},{"start":{"line":80,"column":60},"end":{"line":80,"column":70}}],"line":80},"10":{"loc":{"start":{"line":86,"column":8},"end":{"line":86,"column":null}},"type":"if","locations":[{"start":{"line":86,"column":8},"end":{"line":86,"column":null}},{"start":{},"end":{}}],"line":86},"11":{"loc":{"start":{"line":86,"column":12},"end":{"line":86,"column":45}},"type":"binary-expr","locations":[{"start":{"line":86,"column":12},"end":{"line":86,"column":33}},{"start":{"line":86,"column":33},"end":{"line":86,"column":45}}],"line":86},"12":{"loc":{"start":{"line":87,"column":8},"end":{"line":87,"column":null}},"type":"if","locations":[{"start":{"line":87,"column":8},"end":{"line":87,"column":null}},{"start":{},"end":{}}],"line":87},"13":{"loc":{"start":{"line":88,"column":8},"end":{"line":88,"column":null}},"type":"if","locations":[{"start":{"line":88,"column":8},"end":{"line":88,"column":null}},{"start":{},"end":{}}],"line":88},"14":{"loc":{"start":{"line":91,"column":23},"end":{"line":91,"column":70}},"type":"binary-expr","locations":[{"start":{"line":91,"column":23},"end":{"line":91,"column":44}},{"start":{"line":91,"column":44},"end":{"line":91,"column":70}}],"line":91},"15":{"loc":{"start":{"line":96,"column":27},"end":{"line":96,"column":63}},"type":"cond-expr","locations":[{"start":{"line":96,"column":33},"end":{"line":96,"column":53}},{"start":{"line":96,"column":53},"end":{"line":96,"column":63}}],"line":96},"16":{"loc":{"start":{"line":98,"column":17},"end":{"line":98,"column":null}},"type":"binary-expr","locations":[{"start":{"line":98,"column":17},"end":{"line":98,"column":39}},{"start":{"line":98,"column":39},"end":{"line":98,"column":54}},{"start":{"line":98,"column":54},"end":{"line":98,"column":65}},{"start":{"line":98,"column":65},"end":{"line":98,"column":null}}],"line":98},"17":{"loc":{"start":{"line":111,"column":27},"end":{"line":111,"column":63}},"type":"cond-expr","locations":[{"start":{"line":111,"column":33},"end":{"line":111,"column":53}},{"start":{"line":111,"column":53},"end":{"line":111,"column":63}}],"line":111},"18":{"loc":{"start":{"line":113,"column":17},"end":{"line":113,"column":null}},"type":"binary-expr","locations":[{"start":{"line":113,"column":17},"end":{"line":113,"column":39}},{"start":{"line":113,"column":39},"end":{"line":113,"column":54}},{"start":{"line":113,"column":54},"end":{"line":113,"column":65}},{"start":{"line":113,"column":65},"end":{"line":113,"column":null}}],"line":113},"19":{"loc":{"start":{"line":120,"column":27},"end":{"line":120,"column":63}},"type":"cond-expr","locations":[{"start":{"line":120,"column":33},"end":{"line":120,"column":53}},{"start":{"line":120,"column":53},"end":{"line":120,"column":63}}],"line":120},"20":{"loc":{"start":{"line":121,"column":23},"end":{"line":121,"column":71}},"type":"binary-expr","locations":[{"start":{"line":121,"column":23},"end":{"line":121,"column":45}},{"start":{"line":121,"column":45},"end":{"line":121,"column":60}},{"start":{"line":121,"column":60},"end":{"line":121,"column":71}}],"line":121},"21":{"loc":{"start":{"line":170,"column":4},"end":{"line":181,"column":null}},"type":"if","locations":[{"start":{"line":170,"column":4},"end":{"line":181,"column":null}},{"start":{},"end":{}}],"line":170},"22":{"loc":{"start":{"line":219,"column":6},"end":{"line":222,"column":null}},"type":"if","locations":[{"start":{"line":219,"column":6},"end":{"line":222,"column":null}},{"start":{},"end":{}}],"line":219},"23":{"loc":{"start":{"line":221,"column":32},"end":{"line":221,"column":null}},"type":"cond-expr","locations":[{"start":{"line":221,"column":55},"end":{"line":221,"column":66}},{"start":{"line":221,"column":66},"end":{"line":221,"column":null}}],"line":221},"24":{"loc":{"start":{"line":231,"column":4},"end":{"line":242,"column":null}},"type":"if","locations":[{"start":{"line":231,"column":4},"end":{"line":242,"column":null}},{"start":{},"end":{}}],"line":231},"25":{"loc":{"start":{"line":272,"column":4},"end":{"line":283,"column":null}},"type":"if","locations":[{"start":{"line":272,"column":4},"end":{"line":283,"column":null}},{"start":{},"end":{}}],"line":272},"26":{"loc":{"start":{"line":321,"column":4},"end":{"line":331,"column":null}},"type":"switch","locations":[{"start":{"line":322,"column":6},"end":{"line":324,"column":null}},{"start":{"line":325,"column":6},"end":{"line":325,"column":null}},{"start":{"line":326,"column":6},"end":{"line":328,"column":null}},{"start":{"line":329,"column":6},"end":{"line":330,"column":null}}],"line":321},"27":{"loc":{"start":{"line":367,"column":2},"end":{"line":369,"column":null}},"type":"if","locations":[{"start":{"line":367,"column":2},"end":{"line":369,"column":null}},{"start":{},"end":{}}],"line":367},"28":{"loc":{"start":{"line":375,"column":2},"end":{"line":381,"column":null}},"type":"if","locations":[{"start":{"line":375,"column":2},"end":{"line":381,"column":null}},{"start":{},"end":{}}],"line":375},"29":{"loc":{"start":{"line":383,"column":2},"end":{"line":389,"column":null}},"type":"if","locations":[{"start":{"line":383,"column":2},"end":{"line":389,"column":null}},{"start":{},"end":{}}],"line":383},"30":{"loc":{"start":{"line":383,"column":6},"end":{"line":383,"column":98}},"type":"binary-expr","locations":[{"start":{"line":383,"column":6},"end":{"line":383,"column":29}},{"start":{"line":383,"column":29},"end":{"line":383,"column":98}}],"line":383},"31":{"loc":{"start":{"line":391,"column":2},"end":{"line":397,"column":null}},"type":"if","locations":[{"start":{"line":391,"column":2},"end":{"line":397,"column":null}},{"start":{},"end":{}}],"line":391},"32":{"loc":{"start":{"line":399,"column":2},"end":{"line":404,"column":null}},"type":"if","locations":[{"start":{"line":399,"column":2},"end":{"line":404,"column":null}},{"start":{},"end":{}}],"line":399}},"s":{"0":1,"1":24,"2":24,"3":3,"4":3,"5":21,"6":24,"7":2,"8":25,"9":20,"10":5,"11":5,"12":1,"13":4,"14":4,"15":25,"16":20,"17":5,"18":5,"19":5,"20":5,"21":1,"22":1,"23":13,"24":13,"25":13,"26":13,"27":13,"28":13,"29":12,"30":1,"31":1,"32":0,"33":0,"34":0,"35":13,"36":13,"37":13,"38":1,"39":13,"40":13,"41":13,"42":13,"43":1,"44":29,"45":29,"46":29,"47":19,"48":19,"49":23,"50":18,"51":19,"52":0,"53":0,"54":13,"55":13,"56":13,"57":14,"58":14,"59":13,"60":13,"61":6,"62":6,"63":6,"64":6,"65":6,"66":0,"67":3,"68":3,"69":3,"70":2,"71":2,"72":2,"73":2,"74":2,"75":0,"76":2,"77":2,"78":2,"79":2,"80":1,"81":0,"82":0,"83":0,"84":0,"85":0,"86":0,"87":0,"88":0,"89":0,"90":0,"91":0,"92":0,"93":0,"94":0,"95":0,"96":0,"97":0,"98":0,"99":0,"100":0,"101":0,"102":0,"103":0,"104":0,"105":0},"f":{"0":24,"1":24,"2":2,"3":25,"4":25,"5":13,"6":13,"7":13,"8":13,"9":13,"10":13,"11":13,"12":13,"13":13,"14":1,"15":13,"16":13,"17":13,"18":13,"19":29,"20":23,"21":18,"22":0,"23":13,"24":6,"25":6,"26":3,"27":2,"28":2,"29":2,"30":0,"31":0,"32":0,"33":0,"34":0},"b":{"0":[3,21],"1":[20,5],"2":[1,4],"3":[4,3],"4":[20,5],"5":[13,8],"6":[13,5],"7":[13,5],"8":[1,12],"9":[13,1,1],"10":[12,1],"11":[13,1],"12":[1,0],"13":[0,0],"14":[13,1],"15":[0,13],"16":[13,0,0,0],"17":[3,10],"18":[13,3,3,2],"19":[2,11],"20":[13,2,2],"21":[19,0],"22":[14,0],"23":[0,14],"24":[6,0],"25":[2,0],"26":[0,0,0,0],"27":[0,0],"28":[0,0],"29":[0,0],"30":[0,0],"31":[0,0],"32":[0,0]},"meta":{"lastBranch":33,"lastFunction":35,"lastStatement":106,"seen":{"s:6:39:56:Infinity":0,"f:15:14:15:15":0,"s:17:30:17:Infinity":1,"b:18:8:21:Infinity:undefined:undefined:undefined:undefined":0,"s:18:8:21:Infinity":2,"s:19:32:19:Infinity":3,"s:20:10:20:Infinity":4,"s:22:8:22:Infinity":5,"f:24:14:24:15":1,"s:24:23:24:38":6,"f:27:16:27:23":2,"s:27:23:27:Infinity":7,"f:33:14:33:15":3,"b:34:8:34:Infinity:undefined:undefined:undefined:undefined":1,"s:34:8:34:Infinity":8,"s:34:18:34:Infinity":9,"s:37:26:37:Infinity":10,"b:38:8:40:Infinity:undefined:undefined:undefined:undefined":2,"s:38:8:40:Infinity":11,"s:39:10:39:Infinity":12,"s:43:21:43:Infinity":13,"s:44:8:44:Infinity":14,"b:44:15:44:41:44:41:44:Infinity":3,"f:46:14:46:15":4,"b:47:8:47:Infinity:undefined:undefined:undefined:undefined":4,"s:47:8:47:Infinity":15,"s:47:18:47:Infinity":16,"s:49:27:49:Infinity":17,"s:50:22:50:Infinity":18,"s:51:8:51:Infinity":19,"s:53:8:53:Infinity":20,"s:62:39:62:Infinity":21,"s:67:39:123:Infinity":22,"f:72:17:72:18":5,"s:72:26:72:50":23,"b:72:26:72:41:72:41:72:50":5,"f:73:14:73:15":6,"s:73:23:73:61":24,"b:73:23:73:44:73:44:73:61":6,"f:74:14:74:15":7,"s:74:23:74:63":25,"b:74:23:74:44:74:44:74:63":7,"f:79:17:79:18":8,"s:79:27:79:63":26,"b:79:33:79:53:79:53:79:63":8,"f:80:14:80:15":9,"s:80:23:80:70":27,"b:80:23:80:45:80:45:80:60:80:60:80:70":9,"f:85:17:85:18":10,"b:86:8:86:Infinity:undefined:undefined:undefined:undefined":10,"s:86:8:86:Infinity":28,"b:86:12:86:33:86:33:86:45":11,"s:86:45:86:Infinity":29,"b:87:8:87:Infinity:undefined:undefined:undefined:undefined":12,"s:87:8:87:Infinity":30,"s:87:28:87:Infinity":31,"b:88:8:88:Infinity:undefined:undefined:undefined:undefined":13,"s:88:8:88:Infinity":32,"s:88:29:88:Infinity":33,"s:89:8:89:Infinity":34,"f:91:14:91:15":11,"s:91:23:91:70":35,"b:91:23:91:44:91:44:91:70":14,"f:96:17:96:18":12,"s:96:27:96:63":36,"b:96:33:96:53:96:53:96:63":15,"f:98:8:98:9":13,"s:98:17:98:Infinity":37,"b:98:17:98:39:98:39:98:54:98:54:98:65:98:65:98:Infinity":16,"f:104:18:104:25":14,"s:104:25:104:Infinity":38,"f:111:17:111:18":15,"s:111:27:111:63":39,"b:111:33:111:53:111:53:111:63":17,"f:113:8:113:9":16,"s:113:17:113:Infinity":40,"b:113:17:113:39:113:39:113:54:113:54:113:65:113:65:113:Infinity":18,"f:120:17:120:18":17,"s:120:27:120:63":41,"b:120:33:120:53:120:53:120:63":19,"f:121:14:121:15":18,"s:121:23:121:71":42,"b:121:23:121:45:121:45:121:60:121:60:121:71":20,"s:128:31:132:Infinity":43,"f:162:16:162:42":19,"s:163:2:192:Infinity":44,"s:164:26:164:Infinity":45,"s:165:4:168:Infinity":46,"b:170:4:181:Infinity:undefined:undefined:undefined:undefined":21,"s:170:4:181:Infinity":47,"s:171:40:175:Infinity":48,"f:171:57:171:58":20,"s:171:67:175:8":49,"f:174:31:174:32":21,"s:174:47:174:88":50,"s:177:6:180:Infinity":51,"s:183:4:191:Infinity":52,"f:201:16:201:42":22,"s:202:2:202:Infinity":53,"f:211:16:211:Infinity":23,"s:214:2:253:Infinity":54,"s:216:65:216:Infinity":55,"s:218:4:223:Infinity":56,"b:219:6:222:Infinity:undefined:undefined:undefined:undefined":22,"s:219:6:222:Infinity":57,"s:221:8:221:Infinity":58,"b:221:55:221:66:221:66:221:Infinity":23,"s:225:26:225:Infinity":59,"s:226:4:229:Infinity":60,"b:231:4:242:Infinity:undefined:undefined:undefined:undefined":24,"s:231:4:242:Infinity":61,"s:232:40:236:Infinity":62,"f:232:57:232:58":24,"s:232:67:236:8":63,"f:235:31:235:32":25,"s:235:47:235:88":64,"s:238:6:241:Infinity":65,"s:244:4:252:Infinity":66,"f:262:16:262:Infinity":26,"s:265:2:294:Infinity":67,"s:266:26:266:Infinity":68,"s:267:4:270:Infinity":69,"b:272:4:283:Infinity:undefined:undefined:undefined:undefined":25,"s:272:4:283:Infinity":70,"s:273:40:277:Infinity":71,"f:273:57:273:58":27,"s:273:67:277:8":72,"f:276:31:276:32":28,"s:276:47:276:88":73,"s:279:6:282:Infinity":74,"s:285:4:293:Infinity":75,"f:303:16:303:39":29,"s:304:44:304:Infinity":76,"s:306:2:308:Infinity":77,"s:307:4:307:Infinity":78,"s:310:2:310:Infinity":79,"s:316:32:353:Infinity":80,"f:320:29:320:30":30,"b:322:6:324:Infinity:325:6:325:Infinity:326:6:328:Infinity:329:6:330:Infinity":26,"s:321:4:331:Infinity":81,"s:324:8:324:Infinity":82,"s:328:8:328:Infinity":83,"s:330:8:330:Infinity":84,"f:337:32:337:33":31,"s:338:23:338:Infinity":85,"s:339:20:339:Infinity":86,"s:340:4:340:Infinity":87,"s:342:4:342:Infinity":88,"f:348:20:348:21":32,"s:350:29:350:Infinity":89,"s:351:4:351:Infinity":90,"f:361:16:361:Infinity":33,"s:365:29:365:Infinity":91,"b:367:2:369:Infinity:undefined:undefined:undefined:undefined":27,"s:367:2:369:Infinity":92,"s:368:4:368:Infinity":93,"s:371:20:371:Infinity":94,"s:372:46:372:Infinity":95,"b:375:2:381:Infinity:undefined:undefined:undefined:undefined":28,"s:375:2:381:Infinity":96,"s:376:4:380:Infinity":97,"b:383:2:389:Infinity:undefined:undefined:undefined:undefined":29,"s:383:2:389:Infinity":98,"b:383:6:383:29:383:29:383:98":30,"s:384:4:388:Infinity":99,"b:391:2:397:Infinity:undefined:undefined:undefined:undefined":31,"s:391:2:397:Infinity":100,"s:392:4:396:Infinity":101,"b:399:2:404:Infinity:undefined:undefined:undefined:undefined":32,"s:399:2:404:Infinity":102,"s:400:4:403:Infinity":103,"s:406:2:406:Infinity":104,"f:412:16:412:Infinity":34,"s:415:2:415:Infinity":105}}}
}
