TN:
SF:src/hooks/useAuth.ts
FN:68,(anonymous_0)
FN:77,(anonymous_1)
FN:99,(anonymous_2)
FN:121,(anonymous_3)
FN:131,(anonymous_4)
FN:141,(anonymous_5)
FN:200,(anonymous_6)
FN:202,(anonymous_7)
FN:231,(anonymous_8)
FN:236,(anonymous_9)
FN:247,(anonymous_10)
FN:252,(anonymous_11)
FN:265,(anonymous_12)
FN:288,(anonymous_13)
FN:293,(anonymous_14)
FN:305,(anonymous_15)
FN:311,(anonymous_16)
FN:325,(anonymous_17)
FN:381,(anonymous_18)
FN:386,(anonymous_19)
FN:394,(anonymous_20)
FN:396,(anonymous_21)
FN:431,(anonymous_22)
FN:437,(anonymous_23)
FN:465,(anonymous_24)
FNF:25
FNH:0
FNDA:0,(anonymous_0)
FNDA:0,(anonymous_1)
FNDA:0,(anonymous_2)
FNDA:0,(anonymous_3)
FNDA:0,(anonymous_4)
FNDA:0,(anonymous_5)
FNDA:0,(anonymous_6)
FNDA:0,(anonymous_7)
FNDA:0,(anonymous_8)
FNDA:0,(anonymous_9)
FNDA:0,(anonymous_10)
FNDA:0,(anonymous_11)
FNDA:0,(anonymous_12)
FNDA:0,(anonymous_13)
FNDA:0,(anonymous_14)
FNDA:0,(anonymous_15)
FNDA:0,(anonymous_16)
FNDA:0,(anonymous_17)
FNDA:0,(anonymous_18)
FNDA:0,(anonymous_19)
FNDA:0,(anonymous_20)
FNDA:0,(anonymous_21)
FNDA:0,(anonymous_22)
FNDA:0,(anonymous_23)
FNDA:0,(anonymous_24)
DA:6,0
DA:7,0
DA:8,0
DA:68,0
DA:69,0
DA:70,0
DA:77,0
DA:87,0
DA:94,0
DA:99,0
DA:100,0
DA:102,0
DA:103,0
DA:105,0
DA:106,0
DA:107,0
DA:109,0
DA:110,0
DA:111,0
DA:115,0
DA:121,0
DA:122,0
DA:124,0
DA:125,0
DA:131,0
DA:132,0
DA:134,0
DA:135,0
DA:141,0
DA:142,0
DA:144,0
DA:145,0
DA:146,0
DA:156,0
DA:158,0
DA:159,0
DA:167,0
DA:169,0
DA:176,0
DA:178,0
DA:185,0
DA:186,0
DA:188,0
DA:199,0
DA:201,0
DA:202,0
DA:204,0
DA:210,0
DA:212,0
DA:213,0
DA:221,0
DA:223,0
DA:229,0
DA:231,0
DA:232,0
DA:235,0
DA:236,0
DA:237,0
DA:246,0
DA:251,0
DA:252,0
DA:254,0
DA:260,0
DA:262,0
DA:264,0
DA:265,0
DA:266,0
DA:273,0
DA:280,0
DA:286,0
DA:288,0
DA:289,0
DA:292,0
DA:293,0
DA:294,0
DA:305,0
DA:310,0
DA:311,0
DA:314,0
DA:316,0
DA:317,0
DA:318,0
DA:321,0
DA:323,0
DA:324,0
DA:325,0
DA:326,0
DA:332,0
DA:333,0
DA:336,0
DA:337,0
DA:342,0
DA:347,0
DA:349,0
DA:350,0
DA:358,0
DA:363,0
DA:364,0
DA:373,0
DA:379,0
DA:381,0
DA:382,0
DA:385,0
DA:386,0
DA:387,0
DA:394,0
DA:395,0
DA:396,0
DA:399,0
DA:404,0
DA:407,0
DA:414,0
DA:416,0
DA:418,0
DA:419,0
DA:424,0
DA:431,0
DA:432,0
DA:437,0
DA:438,0
DA:439,0
DA:446,0
DA:448,0
DA:454,0
DA:456,0
DA:465,0
DA:466,0
DA:470,0
LF:128
LH:0
BRDA:69,0,0,0
BRDA:69,0,1,0
BRDA:100,1,0,0
BRDA:100,1,1,0
BRDA:105,2,0,0
BRDA:105,2,1,0
BRDA:105,3,0,0
BRDA:105,3,1,0
BRDA:122,4,0,0
BRDA:122,4,1,0
BRDA:132,5,0,0
BRDA:132,5,1,0
BRDA:145,6,0,0
BRDA:145,6,1,0
BRDA:158,7,0,0
BRDA:158,7,1,0
BRDA:161,8,0,0
BRDA:161,8,1,0
BRDA:162,9,0,0
BRDA:162,9,1,0
BRDA:200,10,0,0
BRDA:212,11,0,0
BRDA:212,11,1,0
BRDA:212,12,0,0
BRDA:212,12,1,0
BRDA:212,12,2,0
BRDA:232,13,0,0
BRDA:232,13,1,0
BRDA:262,14,0,0
BRDA:262,14,1,0
BRDA:262,15,0,0
BRDA:262,15,1,0
BRDA:264,16,0,0
BRDA:264,16,1,0
BRDA:289,17,0,0
BRDA:289,17,1,0
BRDA:314,18,0,0
BRDA:314,18,1,0
BRDA:316,19,0,0
BRDA:316,19,1,0
BRDA:323,20,0,0
BRDA:323,20,1,0
BRDA:349,21,0,0
BRDA:349,21,1,0
BRDA:349,22,0,0
BRDA:349,22,1,0
BRDA:349,22,2,0
BRDA:363,23,0,0
BRDA:363,23,1,0
BRDA:363,24,0,0
BRDA:363,24,1,0
BRDA:382,25,0,0
BRDA:382,25,1,0
BRDA:438,26,0,0
BRDA:438,26,1,0
BRDA:441,27,0,0
BRDA:441,27,1,0
BRDA:442,28,0,0
BRDA:442,28,1,0
BRF:59
BRH:0
end_of_record
TN:
SF:src/hooks/useProductCategories.ts
FN:10,(anonymous_0)
FN:21,(anonymous_1)
FN:92,(anonymous_2)
FN:93,(anonymous_3)
FN:103,(anonymous_4)
FN:104,(anonymous_5)
FN:117,(anonymous_6)
FN:124,(anonymous_7)
FN:131,(anonymous_8)
FNF:9
FNH:0
FNDA:0,(anonymous_0)
FNDA:0,(anonymous_1)
FNDA:0,(anonymous_2)
FNDA:0,(anonymous_3)
FNDA:0,(anonymous_4)
FNDA:0,(anonymous_5)
FNDA:0,(anonymous_6)
FNDA:0,(anonymous_7)
FNDA:0,(anonymous_8)
DA:10,0
DA:11,0
DA:13,0
DA:14,0
DA:15,0
DA:16,0
DA:21,0
DA:22,0
DA:23,0
DA:24,0
DA:25,0
DA:29,0
DA:30,0
DA:31,0
DA:32,0
DA:34,0
DA:35,0
DA:36,0
DA:38,0
DA:39,0
DA:40,0
DA:41,0
DA:42,0
DA:43,0
DA:44,0
DA:45,0
DA:48,0
DA:49,0
DA:54,0
DA:55,0
DA:56,0
DA:58,0
DA:65,0
DA:66,0
DA:69,0
DA:71,0
DA:72,0
DA:73,0
DA:75,0
DA:76,0
DA:79,0
DA:80,0
DA:82,0
DA:83,0
DA:84,0
DA:91,0
DA:93,0
DA:94,0
DA:102,0
DA:104,0
DA:112,0
DA:117,0
DA:118,0
DA:124,0
DA:125,0
DA:126,0
DA:127,0
DA:131,0
DA:132,0
DA:133,0
DA:135,0
DA:136,0
DA:137,0
DA:141,0
LF:64
LH:0
BRDA:22,0,0,0
BRDA:22,0,1,0
BRDA:34,1,0,0
BRDA:34,1,1,0
BRDA:34,2,0,0
BRDA:34,2,1,0
BRDA:38,3,0,0
BRDA:38,3,1,0
BRDA:65,4,0,0
BRDA:65,4,1,0
BRDA:84,5,0,0
BRDA:84,5,1,0
BRDA:94,6,0,0
BRDA:94,6,1,0
BRDA:132,7,0,0
BRDA:132,7,1,0
BRF:16
BRH:0
end_of_record
TN:
SF:src/hooks/useProductForm.ts
FN:10,(anonymous_0)
FN:35,(anonymous_1)
FN:89,(anonymous_2)
FN:92,(anonymous_3)
FN:109,(anonymous_4)
FN:110,(anonymous_5)
FN:115,(anonymous_6)
FN:127,(anonymous_7)
FN:129,(anonymous_8)
FN:139,(anonymous_9)
FN:151,(anonymous_10)
FN:154,(anonymous_11)
FN:197,(anonymous_12)
FN:204,(anonymous_13)
FN:212,(anonymous_14)
FN:263,(anonymous_15)
FN:270,(anonymous_16)
FN:273,(anonymous_17)
FN:300,(anonymous_18)
FN:307,(anonymous_19)
FN:314,(anonymous_20)
FN:329,(anonymous_21)
FNF:22
FNH:0
FNDA:0,(anonymous_0)
FNDA:0,(anonymous_1)
FNDA:0,(anonymous_2)
FNDA:0,(anonymous_3)
FNDA:0,(anonymous_4)
FNDA:0,(anonymous_5)
FNDA:0,(anonymous_6)
FNDA:0,(anonymous_7)
FNDA:0,(anonymous_8)
FNDA:0,(anonymous_9)
FNDA:0,(anonymous_10)
FNDA:0,(anonymous_11)
FNDA:0,(anonymous_12)
FNDA:0,(anonymous_13)
FNDA:0,(anonymous_14)
FNDA:0,(anonymous_15)
FNDA:0,(anonymous_16)
FNDA:0,(anonymous_17)
FNDA:0,(anonymous_18)
FNDA:0,(anonymous_19)
FNDA:0,(anonymous_20)
FNDA:0,(anonymous_21)
DA:10,0
DA:12,0
DA:20,0
DA:21,0
DA:22,0
DA:23,0
DA:24,0
DA:30,0
DA:35,0
DA:36,0
DA:38,0
DA:39,0
DA:40,0
DA:41,0
DA:44,0
DA:45,0
DA:47,0
DA:50,0
DA:51,0
DA:53,0
DA:54,0
DA:55,0
DA:58,0
DA:59,0
DA:61,0
DA:64,0
DA:65,0
DA:66,0
DA:68,0
DA:71,0
DA:72,0
DA:73,0
DA:74,0
DA:76,0
DA:77,0
DA:80,0
DA:83,0
DA:89,0
DA:90,0
DA:92,0
DA:93,0
DA:94,0
DA:95,0
DA:96,0
DA:100,0
DA:102,0
DA:108,0
DA:110,0
DA:113,0
DA:114,0
DA:115,0
DA:126,0
DA:129,0
DA:132,0
DA:133,0
DA:137,0
DA:138,0
DA:139,0
DA:151,0
DA:152,0
DA:154,0
DA:156,0
DA:157,0
DA:158,0
DA:159,0
DA:162,0
DA:169,0
DA:170,0
DA:171,0
DA:172,0
DA:173,0
DA:175,0
DA:178,0
DA:179,0
DA:181,0
DA:189,0
DA:190,0
DA:191,0
DA:192,0
DA:194,0
DA:195,0
DA:197,0
DA:204,0
DA:205,0
DA:207,0
DA:208,0
DA:209,0
DA:212,0
DA:213,0
DA:215,0
DA:216,0
DA:217,0
DA:218,0
DA:219,0
DA:222,0
DA:230,0
DA:232,0
DA:234,0
DA:243,0
DA:244,0
DA:246,0
DA:247,0
DA:248,0
DA:250,0
DA:252,0
DA:254,0
DA:257,0
DA:259,0
DA:260,0
DA:261,0
DA:263,0
DA:270,0
DA:271,0
DA:273,0
DA:275,0
DA:276,0
DA:277,0
DA:278,0
DA:279,0
DA:282,0
DA:290,0
DA:291,0
DA:294,0
DA:296,0
DA:297,0
DA:298,0
DA:300,0
DA:307,0
DA:308,0
DA:309,0
DA:310,0
DA:314,0
DA:315,0
DA:316,0
DA:321,0
DA:325,0
DA:329,0
DA:333,0
DA:335,0
LF:139
LH:0
BRDA:36,0,0,0
BRDA:36,0,1,0
BRDA:36,0,2,0
BRDA:36,0,3,0
BRDA:36,0,4,0
BRDA:38,1,0,0
BRDA:38,1,1,0
BRDA:39,2,0,0
BRDA:39,2,1,0
BRDA:40,3,0,0
BRDA:40,3,1,0
BRDA:44,4,0,0
BRDA:44,4,1,0
BRDA:44,5,0,0
BRDA:44,5,1,0
BRDA:44,5,2,0
BRDA:50,6,0,0
BRDA:50,6,1,0
BRDA:50,7,0,0
BRDA:50,7,1,0
BRDA:50,7,2,0
BRDA:54,8,0,0
BRDA:54,8,1,0
BRDA:54,9,0,0
BRDA:54,9,1,0
BRDA:58,10,0,0
BRDA:58,10,1,0
BRDA:64,11,0,0
BRDA:64,11,1,0
BRDA:65,12,0,0
BRDA:65,12,1,0
BRDA:71,13,0,0
BRDA:71,13,1,0
BRDA:76,14,0,0
BRDA:76,14,1,0
BRDA:95,15,0,0
BRDA:95,15,1,0
BRDA:113,16,0,0
BRDA:113,16,1,0
BRDA:132,17,0,0
BRDA:132,17,1,0
BRDA:137,18,0,0
BRDA:137,18,1,0
BRDA:152,19,0,0
BRDA:152,19,1,0
BRDA:152,20,0,0
BRDA:152,20,1,0
BRDA:158,21,0,0
BRDA:158,21,1,0
BRDA:169,22,0,0
BRDA:169,22,1,0
BRDA:170,23,0,0
BRDA:170,23,1,0
BRDA:172,24,0,0
BRDA:172,24,1,0
BRDA:195,25,0,0
BRDA:195,25,1,0
BRDA:207,26,0,0
BRDA:207,26,1,0
BRDA:217,27,0,0
BRDA:217,27,1,0
BRDA:224,28,0,0
BRDA:224,28,1,0
BRDA:225,29,0,0
BRDA:225,29,1,0
BRDA:226,30,0,0
BRDA:226,30,1,0
BRDA:227,31,0,0
BRDA:227,31,1,0
BRDA:230,32,0,0
BRDA:230,32,1,0
BRDA:232,33,0,0
BRDA:232,33,1,0
BRDA:243,34,0,0
BRDA:243,34,1,0
BRDA:244,35,0,0
BRDA:244,35,1,0
BRDA:247,36,0,0
BRDA:247,36,1,0
BRDA:260,37,0,0
BRDA:260,37,1,0
BRDA:271,38,0,0
BRDA:271,38,1,0
BRDA:271,39,0,0
BRDA:271,39,1,0
BRDA:277,40,0,0
BRDA:277,40,1,0
BRDA:290,41,0,0
BRDA:290,41,1,0
BRDA:297,42,0,0
BRDA:297,42,1,0
BRDA:315,43,0,0
BRDA:315,43,1,0
BRDA:315,44,0,0
BRDA:315,44,1,0
BRDA:325,45,0,0
BRDA:325,45,1,0
BRDA:325,45,2,0
BRDA:325,45,3,0
BRDA:325,45,4,0
BRDA:333,46,0,0
BRDA:333,46,1,0
BRDA:333,47,0,0
BRDA:333,47,1,0
BRF:104
BRH:0
end_of_record
TN:
SF:src/hooks/useRealFridgeProducts.ts
FN:9,(anonymous_0)
FN:23,(anonymous_1)
FN:24,(anonymous_2)
FN:28,(anonymous_3)
FN:32,(anonymous_4)
FN:33,(anonymous_5)
FN:76,(anonymous_6)
FN:107,(anonymous_7)
FN:111,(anonymous_8)
FN:115,(anonymous_9)
FN:119,(anonymous_10)
FN:124,(anonymous_11)
FN:127,(anonymous_12)
FN:131,(anonymous_13)
FN:138,(anonymous_14)
FN:150,(anonymous_15)
FN:163,(anonymous_16)
FNF:17
FNH:0
FNDA:0,(anonymous_0)
FNDA:0,(anonymous_1)
FNDA:0,(anonymous_2)
FNDA:0,(anonymous_3)
FNDA:0,(anonymous_4)
FNDA:0,(anonymous_5)
FNDA:0,(anonymous_6)
FNDA:0,(anonymous_7)
FNDA:0,(anonymous_8)
FNDA:0,(anonymous_9)
FNDA:0,(anonymous_10)
FNDA:0,(anonymous_11)
FNDA:0,(anonymous_12)
FNDA:0,(anonymous_13)
FNDA:0,(anonymous_14)
FNDA:0,(anonymous_15)
FNDA:0,(anonymous_16)
DA:9,0
DA:10,0
DA:11,0
DA:12,0
DA:13,0
DA:14,0
DA:15,0
DA:16,0
DA:19,0
DA:20,0
DA:23,0
DA:24,0
DA:25,0
DA:28,0
DA:32,0
DA:33,0
DA:34,0
DA:36,0
DA:37,0
DA:38,0
DA:39,0
DA:40,0
DA:41,0
DA:42,0
DA:46,0
DA:48,0
DA:49,0
DA:51,0
DA:55,0
DA:56,0
DA:57,0
DA:60,0
DA:62,0
DA:69,0
DA:70,0
DA:73,0
DA:76,0
DA:90,0
DA:91,0
DA:92,0
DA:93,0
DA:94,0
DA:95,0
DA:97,0
DA:98,0
DA:99,0
DA:103,0
DA:107,0
DA:108,0
DA:111,0
DA:115,0
DA:119,0
DA:120,0
DA:121,0
DA:122,0
DA:124,0
DA:127,0
DA:128,0
DA:131,0
DA:132,0
DA:133,0
DA:137,0
DA:138,0
DA:149,0
DA:150,0
DA:162,0
DA:163,0
LF:67
LH:0
BRDA:37,0,0,0
BRDA:37,0,1,0
BRDA:46,1,0,0
BRDA:46,1,1,0
BRDA:48,2,0,0
BRDA:48,2,1,0
BRDA:56,3,0,0
BRDA:56,3,1,0
BRDA:56,4,0,0
BRDA:56,4,1,0
BRDA:60,5,0,0
BRDA:60,5,1,0
BRDA:69,6,0,0
BRDA:69,6,1,0
BRDA:97,7,0,0
BRDA:97,7,1,0
BRF:16
BRH:0
end_of_record
TN:
SF:src/lib/utils.ts
FN:4,cn
FNF:1
FNH:1
FNDA:13,cn
DA:5,13
LF:1
LH:1
BRF:0
BRH:0
end_of_record
TN:
SF:src/middleware/auth.ts
FN:28,(anonymous_0)
FN:36,(anonymous_1)
FN:112,(anonymous_2)
FN:131,(anonymous_3)
FN:151,createAuthMiddleware
FN:155,requireAuth
FN:282,requireAuthentication
FN:304,requireDemoFriendlyAuth
FN:329,requireVerifiedAuth
FN:369,(anonymous_9)
FN:371,(anonymous_10)
FN:374,(anonymous_11)
FN:419,(anonymous_12)
FN:428,(anonymous_13)
FN:445,checkUserRateLimit
FNF:15
FNH:0
FNDA:0,(anonymous_0)
FNDA:0,(anonymous_1)
FNDA:0,(anonymous_2)
FNDA:0,(anonymous_3)
FNDA:0,createAuthMiddleware
FNDA:0,requireAuth
FNDA:0,requireAuthentication
FNDA:0,requireDemoFriendlyAuth
FNDA:0,requireVerifiedAuth
FNDA:0,(anonymous_9)
FNDA:0,(anonymous_10)
FNDA:0,(anonymous_11)
FNDA:0,(anonymous_12)
FNDA:0,(anonymous_13)
FNDA:0,checkUserRateLimit
DA:28,0
DA:37,0
DA:38,0
DA:39,0
DA:46,0
DA:47,0
DA:48,0
DA:54,0
DA:57,0
DA:59,0
DA:60,0
DA:65,0
DA:71,0
DA:74,0
DA:81,0
DA:88,0
DA:93,0
DA:98,0
DA:113,0
DA:114,0
DA:118,0
DA:119,0
DA:122,0
DA:132,0
DA:152,0
DA:153,0
DA:155,0
DA:160,0
DA:161,0
DA:163,0
DA:171,0
DA:174,0
DA:176,0
DA:177,0
DA:183,0
DA:196,0
DA:199,0
DA:200,0
DA:205,0
DA:219,0
DA:220,0
DA:226,0
DA:240,0
DA:247,0
DA:252,0
DA:254,0
DA:260,0
DA:286,0
DA:287,0
DA:289,0
DA:290,0
DA:292,0
DA:295,0
DA:298,0
DA:308,0
DA:313,0
DA:315,0
DA:316,0
DA:317,0
DA:320,0
DA:323,0
DA:333,0
DA:338,0
DA:340,0
DA:341,0
DA:342,0
DA:345,0
DA:348,0
DA:366,0
DA:371,0
DA:383,0
DA:384,0
DA:386,0
DA:388,0
DA:396,0
DA:398,0
DA:406,0
DA:407,0
DA:409,0
DA:410,0
DA:412,0
DA:420,0
DA:421,0
DA:422,0
DA:423,0
DA:429,0
DA:430,0
DA:435,0
DA:454,0
DA:456,0
DA:458,0
DA:460,0
LF:92
LH:0
BRDA:38,0,0,0
BRDA:38,0,1,0
BRDA:47,1,0,0
BRDA:47,1,1,0
BRDA:59,2,0,0
BRDA:59,2,1,0
BRDA:59,3,0,0
BRDA:59,3,1,0
BRDA:76,4,0,0
BRDA:76,4,1,0
BRDA:77,5,0,0
BRDA:77,5,1,0
BRDA:94,6,0,0
BRDA:94,6,1,0
BRDA:95,7,0,0
BRDA:95,7,1,0
BRDA:112,8,0,0
BRDA:113,9,0,0
BRDA:113,9,1,0
BRDA:118,10,0,0
BRDA:118,10,1,0
BRDA:151,11,0,0
BRDA:153,12,0,0
BRDA:153,13,0,0
BRDA:176,14,0,0
BRDA:176,14,1,0
BRDA:176,15,0,0
BRDA:176,15,1,0
BRDA:189,16,0,0
BRDA:189,16,1,0
BRDA:199,17,0,0
BRDA:199,17,1,0
BRDA:199,18,0,0
BRDA:199,18,1,0
BRDA:219,19,0,0
BRDA:219,19,1,0
BRDA:256,20,0,0
BRDA:256,20,1,0
BRDA:257,21,0,0
BRDA:257,21,1,0
BRDA:289,22,0,0
BRDA:289,22,1,0
BRDA:289,23,0,0
BRDA:289,23,1,0
BRDA:290,24,0,0
BRDA:290,24,1,0
BRDA:315,25,0,0
BRDA:315,25,1,0
BRDA:315,26,0,0
BRDA:315,26,1,0
BRDA:316,27,0,0
BRDA:316,27,1,0
BRDA:340,28,0,0
BRDA:340,28,1,0
BRDA:340,29,0,0
BRDA:340,29,1,0
BRDA:341,30,0,0
BRDA:341,30,1,0
BRDA:386,31,0,0
BRDA:386,31,1,0
BRDA:386,32,0,0
BRDA:386,32,1,0
BRDA:422,33,0,0
BRDA:422,33,1,0
BRDA:447,34,0,0
BRDA:448,35,0,0
BRDA:454,36,0,0
BRDA:454,36,1,0
BRDA:466,37,0,0
BRDA:466,37,1,0
BRF:70
BRH:0
end_of_record
TN:
SF:src/middleware/errorHandler.ts
FN:6,(anonymous_0)
FN:25,(anonymous_1)
FN:41,(anonymous_2)
FN:54,(anonymous_3)
FN:75,(anonymous_4)
FN:77,(anonymous_5)
FN:80,(anonymous_6)
FN:96,(anonymous_7)
FN:105,(anonymous_8)
FN:131,(anonymous_9)
FN:142,checkRateLimit
FN:172,checkETag
FN:180,withTimeout
FN:185,(anonymous_13)
FN:186,(anonymous_14)
FN:197,createErrorResponse
FNF:16
FNH:0
FNDA:0,(anonymous_0)
FNDA:0,(anonymous_1)
FNDA:0,(anonymous_2)
FNDA:0,(anonymous_3)
FNDA:0,(anonymous_4)
FNDA:0,(anonymous_5)
FNDA:0,(anonymous_6)
FNDA:0,(anonymous_7)
FNDA:0,(anonymous_8)
FNDA:0,(anonymous_9)
FNDA:0,checkRateLimit
FNDA:0,checkETag
FNDA:0,withTimeout
FNDA:0,(anonymous_13)
FNDA:0,(anonymous_14)
FNDA:0,createErrorResponse
DA:6,0
DA:7,0
DA:8,0
DA:9,0
DA:10,0
DA:11,0
DA:12,0
DA:13,0
DA:14,0
DA:15,0
DA:16,0
DA:17,0
DA:18,0
DA:19,0
DA:25,0
DA:26,0
DA:27,0
DA:28,0
DA:29,0
DA:30,0
DA:31,0
DA:32,0
DA:33,0
DA:34,0
DA:42,0
DA:43,0
DA:45,0
DA:47,0
DA:48,0
DA:55,0
DA:72,0
DA:77,0
DA:81,0
DA:82,0
DA:84,0
DA:85,0
DA:86,0
DA:87,0
DA:88,0
DA:91,0
DA:92,0
DA:93,0
DA:97,0
DA:98,0
DA:99,0
DA:100,0
DA:106,0
DA:107,0
DA:114,0
DA:128,0
DA:133,0
DA:134,0
DA:135,0
DA:146,0
DA:151,0
DA:153,0
DA:154,0
DA:156,0
DA:162,0
DA:173,0
DA:174,0
DA:185,0
DA:186,0
DA:187,0
DA:191,0
DA:204,0
DA:205,0
DA:206,0
DA:207,0
DA:213,0
DA:216,0
LF:71
LH:0
BRDA:6,0,0,0
BRDA:6,0,1,0
BRDA:25,1,0,0
BRDA:25,1,1,0
BRDA:62,2,0,0
BRDA:62,2,1,0
BRDA:84,3,0,0
BRDA:84,3,1,0
BRDA:84,4,0,0
BRDA:84,4,1,0
BRDA:99,5,0,0
BRDA:99,5,1,0
BRDA:134,6,0,0
BRDA:134,6,1,0
BRDA:144,7,0,0
BRDA:146,8,0,0
BRDA:146,8,1,0
BRDA:148,9,0,0
BRDA:148,9,1,0
BRDA:183,10,0,0
BRDA:200,11,0,0
BRDA:204,12,0,0
BRDA:204,12,1,0
BRDA:206,13,0,0
BRDA:206,13,1,0
BRDA:210,14,0,0
BRDA:210,14,1,0
BRF:27
BRH:0
end_of_record
TN:
SF:src/middleware/index.ts
FN:26,isPublicPath
FN:48,(anonymous_1)
FNF:2
FNH:0
FNDA:0,isPublicPath
FNDA:0,(anonymous_1)
DA:8,0
DA:28,0
DA:29,0
DA:33,0
DA:34,0
DA:38,0
DA:48,0
DA:50,0
DA:51,0
DA:54,0
DA:55,0
DA:57,0
DA:58,0
DA:59,0
DA:66,0
DA:70,0
DA:71,0
DA:78,0
DA:79,0
DA:80,0
DA:81,0
DA:82,0
DA:85,0
DA:86,0
DA:90,0
DA:91,0
DA:95,0
DA:98,0
DA:101,0
DA:105,0
DA:108,0
DA:109,0
DA:113,0
DA:115,0
DA:116,0
DA:120,0
LF:36
LH:0
BRDA:28,0,0,0
BRDA:28,0,1,0
BRDA:33,1,0,0
BRDA:33,1,1,0
BRDA:55,2,0,0
BRDA:55,2,1,0
BRDA:58,3,0,0
BRDA:58,3,1,0
BRDA:70,4,0,0
BRDA:70,4,1,0
BRDA:78,5,0,0
BRDA:78,5,1,0
BRDA:78,6,0,0
BRDA:78,6,1,0
BRDA:101,7,0,0
BRDA:101,7,1,0
BRDA:108,8,0,0
BRDA:108,8,1,0
BRDA:108,9,0,0
BRDA:108,9,1,0
BRDA:108,9,2,0
BRDA:113,10,0,0
BRDA:113,10,1,0
BRF:23
BRH:0
end_of_record
TN:
SF:src/middleware/userProductsErrorHandler.ts
FN:20,(anonymous_0)
FN:91,(anonymous_1)
FN:160,(anonymous_2)
FN:245,(anonymous_3)
FN:282,(anonymous_4)
FN:306,(anonymous_5)
FN:355,(anonymous_6)
FN:405,(anonymous_7)
FN:423,(anonymous_8)
FNF:9
FNH:0
FNDA:0,(anonymous_0)
FNDA:0,(anonymous_1)
FNDA:0,(anonymous_2)
FNDA:0,(anonymous_3)
FNDA:0,(anonymous_4)
FNDA:0,(anonymous_5)
FNDA:0,(anonymous_6)
FNDA:0,(anonymous_7)
FNDA:0,(anonymous_8)
DA:30,0
DA:32,0
DA:45,0
DA:46,0
DA:47,0
DA:48,0
DA:49,0
DA:50,0
DA:51,0
DA:53,0
DA:54,0
DA:60,0
DA:61,0
DA:68,0
DA:77,0
DA:85,0
DA:92,0
DA:94,0
DA:106,0
DA:118,0
DA:119,0
DA:125,0
DA:126,0
DA:132,0
DA:133,0
DA:140,0
DA:143,0
DA:151,0
DA:154,0
DA:162,0
DA:163,0
DA:165,0
DA:166,0
DA:177,0
DA:180,0
DA:192,0
DA:200,0
DA:201,0
DA:205,0
DA:210,0
DA:211,0
DA:220,0
DA:221,0
DA:230,0
DA:246,0
DA:262,0
DA:263,0
DA:264,0
DA:267,0
DA:276,0
DA:284,0
DA:288,0
DA:297,0
DA:298,0
DA:300,0
DA:311,0
DA:313,0
DA:315,0
DA:316,0
DA:320,0
DA:322,0
DA:323,0
DA:327,0
DA:329,0
DA:330,0
DA:334,0
DA:336,0
DA:337,0
DA:341,0
DA:343,0
DA:344,0
DA:347,0
DA:349,0
DA:367,0
DA:393,0
DA:394,0
DA:395,0
DA:396,0
DA:398,0
DA:406,0
DA:407,0
DA:408,0
DA:409,0
DA:412,0
DA:413,0
DA:414,0
DA:417,0
DA:424,0
DA:425,0
DA:430,0
DA:431,0
DA:436,0
LF:92
LH:0
BRDA:38,0,0,0
BRDA:38,0,1,0
BRDA:39,1,0,0
BRDA:39,1,1,0
BRDA:45,2,0,0
BRDA:45,2,1,0
BRDA:47,3,0,0
BRDA:47,3,1,0
BRDA:49,4,0,0
BRDA:49,4,1,0
BRDA:51,5,0,0
BRDA:51,5,1,0
BRDA:53,6,0,0
BRDA:53,6,1,0
BRDA:60,7,0,0
BRDA:60,7,1,0
BRDA:60,8,0,0
BRDA:60,8,1,0
BRDA:92,9,0,0
BRDA:92,9,1,0
BRDA:92,9,2,0
BRDA:92,9,3,0
BRDA:92,9,4,0
BRDA:118,10,0,0
BRDA:118,10,1,0
BRDA:125,11,0,0
BRDA:125,11,1,0
BRDA:132,12,0,0
BRDA:132,12,1,0
BRDA:162,13,0,0
BRDA:162,13,1,0
BRDA:163,14,0,0
BRDA:163,14,1,0
BRDA:163,14,2,0
BRDA:163,14,3,0
BRDA:165,15,0,0
BRDA:165,15,1,0
BRDA:200,16,0,0
BRDA:200,16,1,0
BRDA:200,17,0,0
BRDA:200,17,1,0
BRDA:210,18,0,0
BRDA:210,18,1,0
BRDA:210,19,0,0
BRDA:210,19,1,0
BRDA:220,20,0,0
BRDA:220,20,1,0
BRDA:264,21,0,0
BRDA:264,21,1,0
BRDA:270,22,0,0
BRDA:270,22,1,0
BRDA:284,23,0,0
BRDA:284,23,1,0
BRDA:292,24,0,0
BRDA:292,24,1,0
BRDA:313,25,0,0
BRDA:313,25,1,0
BRDA:313,25,2,0
BRDA:313,25,3,0
BRDA:313,25,4,0
BRDA:376,26,0,0
BRDA:376,26,1,0
BRDA:377,27,0,0
BRDA:377,27,1,0
BRDA:379,28,0,0
BRDA:379,28,1,0
BRDA:381,29,0,0
BRDA:381,29,1,0
BRDA:383,30,0,0
BRDA:383,30,1,0
BRDA:386,31,0,0
BRDA:386,31,1,0
BRDA:393,32,0,0
BRDA:393,32,1,0
BRDA:395,33,0,0
BRDA:395,33,1,0
BRDA:406,34,0,0
BRDA:406,34,1,0
BRDA:407,35,0,0
BRDA:407,35,1,0
BRDA:408,36,0,0
BRDA:408,36,1,0
BRDA:409,37,0,0
BRDA:409,37,1,0
BRDA:412,38,0,0
BRDA:412,38,1,0
BRDA:413,39,0,0
BRDA:413,39,1,0
BRDA:414,40,0,0
BRDA:414,40,1,0
BRDA:424,41,0,0
BRDA:424,41,1,0
BRDA:430,42,0,0
BRDA:430,42,1,0
BRDA:432,43,0,0
BRDA:432,43,1,0
BRDA:432,43,2,0
BRF:97
BRH:0
end_of_record
TN:
SF:src/repositories/ProductCategoryRepository.ts
FN:8,(anonymous_0)
FN:30,(anonymous_1)
FN:39,(anonymous_2)
FNF:3
FNH:1
FNDA:1,(anonymous_0)
FNDA:0,(anonymous_1)
FNDA:0,(anonymous_2)
DA:10,1
DA:11,1
DA:13,1
DA:14,1
DA:30,0
DA:40,0
DA:41,0
DA:43,0
DA:45,0
DA:50,0
DA:52,0
DA:53,0
DA:60,0
DA:67,0
DA:69,0
DA:74,0
DA:77,0
DA:78,0
DA:81,0
DA:86,0
LF:20
LH:4
BRDA:52,0,0,0
BRDA:52,0,1,0
BRDA:63,1,0,0
BRDA:63,1,1,0
BRDA:67,2,0,0
BRDA:67,2,1,0
BRDA:77,3,0,0
BRDA:77,3,1,0
BRDA:82,4,0,0
BRDA:82,4,1,0
BRDA:83,5,0,0
BRDA:83,5,1,0
BRF:12
BRH:0
end_of_record
TN:
SF:src/repositories/UserProductRepository.ts
FN:75,(anonymous_0)
FN:85,(anonymous_1)
FN:178,(anonymous_2)
FN:222,(anonymous_3)
FN:290,(anonymous_4)
FN:381,(anonymous_5)
FN:478,(anonymous_6)
FN:576,(anonymous_7)
FN:631,(anonymous_8)
FNF:9
FNH:0
FNDA:0,(anonymous_0)
FNDA:0,(anonymous_1)
FNDA:0,(anonymous_2)
FNDA:0,(anonymous_3)
FNDA:0,(anonymous_4)
FNDA:0,(anonymous_5)
FNDA:0,(anonymous_6)
FNDA:0,(anonymous_7)
FNDA:0,(anonymous_8)
DA:75,0
DA:86,0
DA:87,0
DA:92,0
DA:95,0
DA:117,0
DA:118,0
DA:121,0
DA:122,0
DA:125,0
DA:126,0
DA:127,0
DA:129,0
DA:133,0
DA:134,0
DA:135,0
DA:136,0
DA:143,0
DA:144,0
DA:145,0
DA:147,0
DA:151,0
DA:152,0
DA:154,0
DA:155,0
DA:158,0
DA:160,0
DA:162,0
DA:163,0
DA:170,0
DA:178,0
DA:192,0
DA:198,0
DA:200,0
DA:201,0
DA:204,0
DA:210,0
DA:226,0
DA:227,0
DA:232,0
DA:235,0
DA:236,0
DA:239,0
DA:240,0
DA:243,0
DA:244,0
DA:245,0
DA:247,0
DA:251,0
DA:252,0
DA:253,0
DA:254,0
DA:260,0
DA:262,0
DA:263,0
DA:269,0
DA:272,0
DA:274,0
DA:275,0
DA:278,0
DA:291,0
DA:292,0
DA:298,0
DA:300,0
DA:325,0
DA:327,0
DA:328,0
DA:335,0
DA:338,0
DA:339,0
DA:343,0
DA:357,0
DA:363,0
DA:365,0
DA:366,0
DA:369,0
DA:382,0
DA:383,0
DA:388,0
DA:411,0
DA:412,0
DA:414,0
DA:418,0
DA:421,0
DA:428,0
DA:435,0
DA:436,0
DA:440,0
DA:454,0
DA:459,0
DA:461,0
DA:462,0
DA:465,0
DA:479,0
DA:480,0
DA:486,0
DA:488,0
DA:515,0
DA:517,0
DA:518,0
DA:519,0
DA:522,0
DA:530,0
DA:533,0
DA:534,0
DA:538,0
DA:552,0
DA:558,0
DA:560,0
DA:561,0
DA:564,0
DA:577,0
DA:578,0
DA:583,0
DA:585,0
DA:591,0
DA:593,0
DA:594,0
DA:602,0
DA:605,0
DA:607,0
DA:614,0
DA:616,0
DA:617,0
DA:620,0
DA:632,0
DA:633,0
DA:635,0
DA:637,0
DA:638,0
DA:640,0
DA:643,0
DA:649,0
DA:652,0
DA:654,0
DA:655,0
DA:658,0
LF:137
LH:0
BRDA:85,0,0,0
BRDA:117,1,0,0
BRDA:117,1,1,0
BRDA:121,2,0,0
BRDA:121,2,1,0
BRDA:125,3,0,0
BRDA:125,3,1,0
BRDA:126,4,0,0
BRDA:126,4,1,0
BRDA:133,5,0,0
BRDA:133,5,1,0
BRDA:143,6,0,0
BRDA:143,6,1,0
BRDA:151,7,0,0
BRDA:151,7,1,0
BRDA:154,8,0,0
BRDA:154,8,1,0
BRDA:155,9,0,0
BRDA:155,9,1,0
BRDA:162,10,0,0
BRDA:162,10,1,0
BRDA:173,11,0,0
BRDA:173,11,1,0
BRDA:178,12,0,0
BRDA:178,12,1,0
BRDA:200,13,0,0
BRDA:200,13,1,0
BRDA:205,14,0,0
BRDA:205,14,1,0
BRDA:206,15,0,0
BRDA:206,15,1,0
BRDA:224,16,0,0
BRDA:235,17,0,0
BRDA:235,17,1,0
BRDA:239,18,0,0
BRDA:239,18,1,0
BRDA:243,19,0,0
BRDA:243,19,1,0
BRDA:244,20,0,0
BRDA:244,20,1,0
BRDA:251,21,0,0
BRDA:251,21,1,0
BRDA:262,22,0,0
BRDA:262,22,1,0
BRDA:269,23,0,0
BRDA:269,23,1,0
BRDA:272,24,0,0
BRDA:272,24,1,0
BRDA:274,25,0,0
BRDA:274,25,1,0
BRDA:327,26,0,0
BRDA:327,26,1,0
BRDA:335,27,0,0
BRDA:335,27,1,0
BRDA:338,28,0,0
BRDA:338,28,1,0
BRDA:365,29,0,0
BRDA:365,29,1,0
BRDA:411,30,0,0
BRDA:411,30,1,0
BRDA:412,31,0,0
BRDA:412,31,1,0
BRDA:431,32,0,0
BRDA:431,32,1,0
BRDA:435,33,0,0
BRDA:435,33,1,0
BRDA:461,34,0,0
BRDA:461,34,1,0
BRDA:517,35,0,0
BRDA:517,35,1,0
BRDA:518,36,0,0
BRDA:518,36,1,0
BRDA:530,37,0,0
BRDA:530,37,1,0
BRDA:533,38,0,0
BRDA:533,38,1,0
BRDA:560,39,0,0
BRDA:560,39,1,0
BRDA:593,40,0,0
BRDA:593,40,1,0
BRDA:602,41,0,0
BRDA:602,41,1,0
BRDA:605,42,0,0
BRDA:605,42,1,0
BRDA:616,43,0,0
BRDA:616,43,1,0
BRDA:637,44,0,0
BRDA:637,44,1,0
BRDA:638,45,0,0
BRDA:638,45,1,0
BRDA:649,46,0,0
BRDA:649,46,1,0
BRDA:654,47,0,0
BRDA:654,47,1,0
BRF:94
BRH:0
end_of_record
TN:
SF:src/services/ProductCategoryService.ts
FN:35,(anonymous_0)
FN:53,(anonymous_1)
FN:106,(anonymous_2)
FN:119,(anonymous_3)
FN:133,(anonymous_4)
FN:147,(anonymous_5)
FN:159,(anonymous_6)
FNF:7
FNH:7
FNDA:12,(anonymous_0)
FNDA:14,(anonymous_1)
FNDA:26,(anonymous_2)
FNDA:17,(anonymous_3)
FNDA:11,(anonymous_4)
FNDA:2,(anonymous_5)
FNDA:3,(anonymous_6)
DA:9,1
DA:36,12
DA:37,12
DA:39,12
DA:54,14
DA:57,14
DA:58,1
DA:62,1
DA:65,13
DA:67,13
DA:68,13
DA:71,13
DA:74,11
DA:77,11
DA:79,11
DA:81,11
DA:86,11
DA:88,2
DA:94,2
DA:95,2
DA:107,26
DA:120,17
DA:121,14
DA:124,3
DA:125,3
DA:134,11
DA:135,11
DA:137,11
DA:148,2
DA:149,2
DA:151,2
DA:166,3
LF:32
LH:32
BRDA:37,0,0,12
BRDA:57,1,0,1
BRDA:57,1,1,13
BRDA:60,2,0,1
BRDA:60,2,1,0
BRDA:62,3,0,1
BRDA:62,3,1,0
BRDA:89,4,0,2
BRDA:89,4,1,0
BRDA:90,5,0,1
BRDA:90,5,1,1
BRDA:120,6,0,14
BRDA:120,6,1,3
BRDA:168,7,0,1
BRDA:168,7,1,2
BRDA:171,8,0,3
BRDA:171,8,1,2
BRF:17
BRH:14
end_of_record
TN:
SF:src/services/UserProductService.ts
FN:34,(anonymous_0)
FN:50,(anonymous_1)
FN:60,(anonymous_2)
FN:84,(anonymous_3)
FN:129,(anonymous_4)
FN:222,(anonymous_5)
FN:326,(anonymous_6)
FN:384,(anonymous_7)
FN:421,(anonymous_8)
FN:460,(anonymous_9)
FNF:10
FNH:10
FNDA:5,(anonymous_0)
FNDA:30,(anonymous_1)
FNDA:20,(anonymous_2)
FNDA:31,(anonymous_3)
FNDA:3,(anonymous_4)
FNDA:3,(anonymous_5)
FNDA:2,(anonymous_6)
FNDA:2,(anonymous_7)
FNDA:34,(anonymous_8)
FNDA:20,(anonymous_9)
DA:36,5
DA:37,5
DA:38,5
DA:40,5
DA:41,5
DA:50,30
DA:61,20
DA:62,20
DA:67,20
DA:70,20
DA:73,20
DA:81,19
DA:84,31
DA:87,19
DA:93,20
DA:95,20
DA:102,20
DA:107,1
DA:112,1
DA:113,0
DA:118,1
DA:130,3
DA:131,3
DA:137,3
DA:140,3
DA:141,3
DA:142,1
DA:148,2
DA:149,2
DA:150,2
DA:151,2
DA:153,2
DA:154,1
DA:161,1
DA:170,3
DA:173,1
DA:175,1
DA:177,1
DA:183,1
DA:188,2
DA:193,2
DA:194,2
DA:197,0
DA:199,0
DA:200,0
DA:205,0
DA:210,0
DA:227,3
DA:228,3
DA:234,3
DA:237,3
DA:238,3
DA:239,1
DA:245,2
DA:246,2
DA:247,1
DA:253,1
DA:254,1
DA:255,1
DA:256,1
DA:258,1
DA:259,0
DA:266,1
DA:275,3
DA:278,1
DA:280,1
DA:282,1
DA:288,1
DA:293,2
DA:299,2
DA:300,2
DA:303,0
DA:304,0
DA:305,0
DA:310,0
DA:315,0
DA:327,2
DA:328,2
DA:333,2
DA:336,2
DA:338,2
DA:339,1
DA:344,1
DA:346,1
DA:352,1
DA:357,1
DA:363,1
DA:364,1
DA:367,0
DA:368,0
DA:373,0
DA:385,2
DA:386,2
DA:391,2
DA:393,2
DA:394,1
DA:397,1
DA:399,0
DA:405,0
DA:406,0
DA:411,0
DA:422,34
DA:423,34
DA:425,34
DA:426,34
DA:428,34
DA:429,27
DA:430,27
DA:432,27
DA:434,27
DA:435,19
DA:436,19
DA:440,34
DA:461,20
DA:464,20
DA:465,2
DA:469,20
DA:470,1
DA:471,1
DA:476,20
DA:477,1
DA:481,20
DA:482,1
DA:483,1
DA:484,1
DA:489,20
DA:490,3
DA:491,3
DA:492,3
DA:497,20
DA:498,2
DA:499,2
DA:500,2
DA:504,20
DA:505,1
DA:506,1
DA:507,1
DA:511,20
LF:138
LH:119
BRDA:37,0,0,5
BRDA:60,1,0,20
BRDA:89,2,0,19
BRDA:89,2,1,17
BRDA:90,3,0,20
BRDA:90,3,1,18
BRDA:109,4,0,1
BRDA:109,4,1,0
BRDA:112,5,0,0
BRDA:112,5,1,1
BRDA:141,6,0,1
BRDA:141,6,1,2
BRDA:148,7,0,2
BRDA:148,7,1,0
BRDA:153,8,0,1
BRDA:153,8,1,1
BRDA:166,9,0,1
BRDA:166,9,1,0
BRDA:190,10,0,2
BRDA:190,10,1,0
BRDA:193,11,0,2
BRDA:193,11,1,0
BRDA:197,12,0,0
BRDA:197,12,1,0
BRDA:199,13,0,0
BRDA:199,13,1,0
BRDA:238,14,0,1
BRDA:238,14,1,2
BRDA:246,15,0,1
BRDA:246,15,1,1
BRDA:253,16,0,1
BRDA:253,16,1,0
BRDA:258,17,0,0
BRDA:258,17,1,1
BRDA:271,18,0,1
BRDA:271,18,1,0
BRDA:296,19,0,2
BRDA:296,19,1,0
BRDA:299,20,0,2
BRDA:299,20,1,0
BRDA:303,21,0,0
BRDA:303,21,1,0
BRDA:304,22,0,0
BRDA:304,22,1,0
BRDA:338,23,0,1
BRDA:338,23,1,1
BRDA:360,24,0,1
BRDA:360,24,1,0
BRDA:363,25,0,1
BRDA:363,25,1,0
BRDA:367,26,0,0
BRDA:367,26,1,0
BRDA:393,27,0,1
BRDA:393,27,1,1
BRDA:402,28,0,0
BRDA:402,28,1,0
BRDA:405,29,0,0
BRDA:405,29,1,0
BRDA:428,30,0,27
BRDA:428,30,1,7
BRDA:434,31,0,19
BRDA:434,31,1,8
BRDA:464,32,0,2
BRDA:464,32,1,18
BRDA:464,33,0,20
BRDA:464,33,1,3
BRDA:469,34,0,1
BRDA:469,34,1,19
BRDA:470,35,0,1
BRDA:470,35,1,0
BRDA:470,36,0,1
BRDA:470,36,1,1
BRDA:476,37,0,1
BRDA:476,37,1,19
BRDA:481,38,0,1
BRDA:481,38,1,19
BRDA:483,39,0,1
BRDA:483,39,1,0
BRDA:483,40,0,1
BRDA:483,40,1,1
BRDA:483,40,2,1
BRDA:489,41,0,3
BRDA:489,41,1,17
BRDA:491,42,0,3
BRDA:491,42,1,0
BRDA:497,43,0,2
BRDA:497,43,1,18
BRDA:499,44,0,2
BRDA:499,44,1,0
BRDA:499,45,0,2
BRDA:499,45,1,2
BRDA:499,45,2,2
BRDA:504,46,0,1
BRDA:504,46,1,19
BRDA:506,47,0,1
BRDA:506,47,1,0
BRDA:506,48,0,1
BRDA:506,48,1,1
BRF:98
BRH:66
end_of_record
TN:
SF:src/validation/userProducts.ts
FN:15,(anonymous_0)
FN:24,(anonymous_1)
FN:27,(anonymous_2)
FN:33,(anonymous_3)
FN:46,(anonymous_4)
FN:72,(anonymous_5)
FN:73,(anonymous_6)
FN:74,(anonymous_7)
FN:79,(anonymous_8)
FN:80,(anonymous_9)
FN:85,(anonymous_10)
FN:91,(anonymous_11)
FN:96,(anonymous_12)
FN:98,(anonymous_13)
FN:104,(anonymous_14)
FN:111,(anonymous_15)
FN:113,(anonymous_16)
FN:120,(anonymous_17)
FN:121,(anonymous_18)
FN:162,validateCreateUserProduct
FN:171,(anonymous_20)
FN:174,(anonymous_21)
FN:201,validateUpdateUserProduct
FN:211,validateUserProductsQuery
FN:232,(anonymous_24)
FN:235,(anonymous_25)
FN:262,validateProductId
FN:273,(anonymous_27)
FN:276,(anonymous_28)
FN:303,formatValidationErrors
FN:320,(anonymous_30)
FN:337,(anonymous_31)
FN:348,(anonymous_32)
FN:361,validateCreateUserProductWithBusinessRules
FN:412,validateUpdateUserProductWithBusinessRules
FNF:35
FNH:29
FNDA:24,(anonymous_0)
FNDA:24,(anonymous_1)
FNDA:2,(anonymous_2)
FNDA:25,(anonymous_3)
FNDA:25,(anonymous_4)
FNDA:13,(anonymous_5)
FNDA:13,(anonymous_6)
FNDA:13,(anonymous_7)
FNDA:13,(anonymous_8)
FNDA:13,(anonymous_9)
FNDA:13,(anonymous_10)
FNDA:13,(anonymous_11)
FNDA:13,(anonymous_12)
FNDA:13,(anonymous_13)
FNDA:1,(anonymous_14)
FNDA:13,(anonymous_15)
FNDA:13,(anonymous_16)
FNDA:13,(anonymous_17)
FNDA:13,(anonymous_18)
FNDA:29,validateCreateUserProduct
FNDA:23,(anonymous_20)
FNDA:18,(anonymous_21)
FNDA:0,validateUpdateUserProduct
FNDA:13,validateUserProductsQuery
FNDA:6,(anonymous_24)
FNDA:6,(anonymous_25)
FNDA:3,validateProductId
FNDA:2,(anonymous_27)
FNDA:2,(anonymous_28)
FNDA:2,formatValidationErrors
FNDA:0,(anonymous_30)
FNDA:0,(anonymous_31)
FNDA:0,(anonymous_32)
FNDA:0,validateCreateUserProductWithBusinessRules
FNDA:0,validateUpdateUserProductWithBusinessRules
DA:6,1
DA:17,24
DA:18,24
DA:19,3
DA:20,3
DA:22,21
DA:24,24
DA:27,2
DA:34,25
DA:37,5
DA:38,5
DA:39,1
DA:43,4
DA:44,4
DA:47,25
DA:49,5
DA:50,5
DA:51,5
DA:53,5
DA:62,1
DA:67,1
DA:72,13
DA:73,13
DA:74,13
DA:79,13
DA:80,13
DA:86,13
DA:87,1
DA:88,0
DA:89,0
DA:91,13
DA:96,13
DA:98,13
DA:104,1
DA:111,13
DA:113,13
DA:120,13
DA:121,13
DA:128,1
DA:163,29
DA:164,29
DA:165,29
DA:170,19
DA:171,23
DA:174,18
DA:177,19
DA:183,0
DA:202,0
DA:214,13
DA:216,13
DA:218,13
DA:219,14
DA:221,14
DA:225,13
DA:226,13
DA:231,6
DA:232,6
DA:235,6
DA:238,6
DA:244,0
DA:265,3
DA:266,3
DA:267,3
DA:272,2
DA:273,2
DA:276,2
DA:279,2
DA:285,0
DA:304,2
DA:306,2
DA:307,2
DA:310,2
DA:316,1
DA:321,0
DA:324,0
DA:328,0
DA:330,0
DA:338,0
DA:339,0
DA:340,0
DA:342,0
DA:350,0
DA:351,0
DA:365,0
DA:367,0
DA:368,0
DA:371,0
DA:372,0
DA:375,0
DA:376,0
DA:383,0
DA:384,0
DA:391,0
DA:392,0
DA:399,0
DA:400,0
DA:406,0
DA:415,0
LF:98
LH:67
BRDA:18,0,0,3
BRDA:18,0,1,21
BRDA:34,1,0,20
BRDA:34,1,1,5
BRDA:38,2,0,1
BRDA:38,2,1,4
BRDA:44,3,0,4
BRDA:44,3,1,3
BRDA:47,4,0,20
BRDA:47,4,1,5
BRDA:72,5,0,13
BRDA:72,5,1,8
BRDA:73,6,0,13
BRDA:73,6,1,5
BRDA:74,7,0,13
BRDA:74,7,1,5
BRDA:79,8,0,1
BRDA:79,8,1,12
BRDA:80,9,0,13
BRDA:80,9,1,1
BRDA:80,9,2,1
BRDA:86,10,0,12
BRDA:86,10,1,1
BRDA:86,11,0,13
BRDA:86,11,1,1
BRDA:87,12,0,1
BRDA:87,12,1,0
BRDA:88,13,0,0
BRDA:88,13,1,0
BRDA:91,14,0,13
BRDA:91,14,1,1
BRDA:96,15,0,0
BRDA:96,15,1,13
BRDA:98,16,0,13
BRDA:98,16,1,0
BRDA:98,16,2,0
BRDA:98,16,3,0
BRDA:111,17,0,3
BRDA:111,17,1,10
BRDA:113,18,0,13
BRDA:113,18,1,3
BRDA:113,18,2,3
BRDA:113,18,3,2
BRDA:120,19,0,2
BRDA:120,19,1,11
BRDA:121,20,0,13
BRDA:121,20,1,2
BRDA:121,20,2,2
BRDA:170,21,0,19
BRDA:170,21,1,0
BRDA:219,22,0,14
BRDA:219,22,1,0
BRDA:221,23,0,0
BRDA:221,23,1,14
BRDA:231,24,0,6
BRDA:231,24,1,0
BRDA:272,25,0,2
BRDA:272,25,1,0
BRDA:321,26,0,0
BRDA:321,26,1,0
BRDA:321,26,2,0
BRDA:321,26,3,0
BRDA:367,27,0,0
BRDA:367,27,1,0
BRDA:375,28,0,0
BRDA:375,28,1,0
BRDA:383,29,0,0
BRDA:383,29,1,0
BRDA:383,30,0,0
BRDA:383,30,1,0
BRDA:391,31,0,0
BRDA:391,31,1,0
BRDA:399,32,0,0
BRDA:399,32,1,0
BRF:74
BRH:46
end_of_record
